{"/Users/benoitjolly/Documents/siteweb/jitter-editor/src/App.tsx": {"path":"/Users/benoitjolly/Documents/siteweb/jitter-editor/src/App.tsx","statementMap":{"0":{"start":{"line":4,"column":2},"end":{"line":4,"column":23}}},"fnMap":{"0":{"name":"App","decl":{"start":{"line":3,"column":9},"end":{"line":3,"column":12}},"loc":{"start":{"line":3,"column":15},"end":{"line":5,"column":1}},"line":3}},"branchMap":{},"s":{"0":0},"f":{"0":0},"b":{}}
,"/Users/benoitjolly/Documents/siteweb/jitter-editor/src/features/editor/EditorFeature.tsx": {"path":"/Users/benoitjolly/Documents/siteweb/jitter-editor/src/features/editor/EditorFeature.tsx","statementMap":{"0":{"start":{"line":6,"column":32},"end":{"line":13,"column":1}},"1":{"start":{"line":7,"column":2},"end":{"line":12,"column":3}}},"fnMap":{"0":{"name":"(anonymous_0)","decl":{"start":{"line":6,"column":32},"end":{"line":6,"column":33}},"loc":{"start":{"line":6,"column":38},"end":{"line":13,"column":1}},"line":6}},"branchMap":{},"s":{"0":0,"1":0},"f":{"0":0},"b":{}}
,"/Users/benoitjolly/Documents/siteweb/jitter-editor/src/features/editor/index.ts": {"path":"/Users/benoitjolly/Documents/siteweb/jitter-editor/src/features/editor/index.ts","statementMap":{},"fnMap":{},"branchMap":{},"s":{},"f":{},"b":{}}
,"/Users/benoitjolly/Documents/siteweb/jitter-editor/src/features/editor/components/canvas/index.tsx": {"path":"/Users/benoitjolly/Documents/siteweb/jitter-editor/src/features/editor/components/canvas/index.tsx","statementMap":{"0":{"start":{"line":10,"column":25},"end":{"line":139,"column":1}},"1":{"start":{"line":11,"column":20},"end":{"line":11,"column":51}},"2":{"start":{"line":12,"column":23},"end":{"line":12,"column":51}},"3":{"start":{"line":13,"column":21},"end":{"line":13,"column":38}},"4":{"start":{"line":14,"column":90},"end":{"line":14,"column":101}},"5":{"start":{"line":16,"column":25},"end":{"line":16,"column":59}},"6":{"start":{"line":21,"column":6},"end":{"line":26,"column":4}},"7":{"start":{"line":35,"column":6},"end":{"line":41,"column":4}},"8":{"start":{"line":46,"column":6},"end":{"line":51,"column":4}},"9":{"start":{"line":53,"column":32},"end":{"line":61,"column":3}},"10":{"start":{"line":54,"column":4},"end":{"line":60,"column":5}},"11":{"start":{"line":55,"column":6},"end":{"line":55,"column":25}},"12":{"start":{"line":57,"column":6},"end":{"line":59,"column":7}},"13":{"start":{"line":58,"column":8},"end":{"line":58,"column":28}},"14":{"start":{"line":63,"column":34},"end":{"line":66,"column":3}},"15":{"start":{"line":64,"column":4},"end":{"line":64,"column":24}},"16":{"start":{"line":65,"column":4},"end":{"line":65,"column":24}},"17":{"start":{"line":68,"column":2},"end":{"line":85,"column":43}},"18":{"start":{"line":69,"column":22},"end":{"line":69,"column":42}},"19":{"start":{"line":70,"column":4},"end":{"line":70,"column":27}},"20":{"start":{"line":70,"column":20},"end":{"line":70,"column":27}},"21":{"start":{"line":72,"column":4},"end":{"line":72,"column":29}},"22":{"start":{"line":74,"column":27},"end":{"line":78,"column":6}},"23":{"start":{"line":75,"column":6},"end":{"line":77,"column":9}},"24":{"start":{"line":76,"column":8},"end":{"line":76,"column":33}},"25":{"start":{"line":80,"column":4},"end":{"line":80,"column":38}},"26":{"start":{"line":82,"column":4},"end":{"line":84,"column":6}},"27":{"start":{"line":83,"column":6},"end":{"line":83,"column":34}},"28":{"start":{"line":87,"column":2},"end":{"line":101,"column":19}},"29":{"start":{"line":88,"column":22},"end":{"line":88,"column":42}},"30":{"start":{"line":89,"column":4},"end":{"line":89,"column":27}},"31":{"start":{"line":89,"column":20},"end":{"line":89,"column":27}},"32":{"start":{"line":91,"column":25},"end":{"line":94,"column":5}},"33":{"start":{"line":92,"column":6},"end":{"line":92,"column":25}},"34":{"start":{"line":93,"column":6},"end":{"line":93,"column":49}},"35":{"start":{"line":96,"column":4},"end":{"line":96,"column":74}},"36":{"start":{"line":98,"column":4},"end":{"line":100,"column":6}},"37":{"start":{"line":99,"column":6},"end":{"line":99,"column":59}},"38":{"start":{"line":103,"column":2},"end":{"line":111,"column":49}},"39":{"start":{"line":104,"column":19},"end":{"line":104,"column":36}},"40":{"start":{"line":105,"column":4},"end":{"line":105,"column":24}},"41":{"start":{"line":105,"column":17},"end":{"line":105,"column":24}},"42":{"start":{"line":107,"column":16},"end":{"line":107,"column":39}},"43":{"start":{"line":108,"column":4},"end":{"line":110,"column":5}},"44":{"start":{"line":109,"column":6},"end":{"line":109,"column":59}},"45":{"start":{"line":113,"column":2},"end":{"line":125,"column":22}},"46":{"start":{"line":114,"column":32},"end":{"line":116,"column":5}},"47":{"start":{"line":115,"column":6},"end":{"line":115,"column":27}},"48":{"start":{"line":118,"column":4},"end":{"line":118,"column":62}},"49":{"start":{"line":119,"column":4},"end":{"line":119,"column":65}},"50":{"start":{"line":121,"column":4},"end":{"line":124,"column":6}},"51":{"start":{"line":122,"column":6},"end":{"line":122,"column":67}},"52":{"start":{"line":123,"column":6},"end":{"line":123,"column":70}},"53":{"start":{"line":127,"column":2},"end":{"line":138,"column":3}}},"fnMap":{"0":{"name":"(anonymous_0)","decl":{"start":{"line":10,"column":25},"end":{"line":10,"column":26}},"loc":{"start":{"line":10,"column":31},"end":{"line":139,"column":1}},"line":10},"1":{"name":"(anonymous_1)","decl":{"start":{"line":53,"column":32},"end":{"line":53,"column":33}},"loc":{"start":{"line":53,"column":73},"end":{"line":61,"column":3}},"line":53},"2":{"name":"(anonymous_2)","decl":{"start":{"line":63,"column":34},"end":{"line":63,"column":35}},"loc":{"start":{"line":63,"column":75},"end":{"line":66,"column":3}},"line":63},"3":{"name":"(anonymous_3)","decl":{"start":{"line":68,"column":12},"end":{"line":68,"column":13}},"loc":{"start":{"line":68,"column":18},"end":{"line":85,"column":3}},"line":68},"4":{"name":"(anonymous_4)","decl":{"start":{"line":74,"column":46},"end":{"line":74,"column":47}},"loc":{"start":{"line":74,"column":52},"end":{"line":78,"column":5}},"line":74},"5":{"name":"(anonymous_5)","decl":{"start":{"line":75,"column":28},"end":{"line":75,"column":29}},"loc":{"start":{"line":75,"column":34},"end":{"line":77,"column":7}},"line":75},"6":{"name":"(anonymous_6)","decl":{"start":{"line":82,"column":11},"end":{"line":82,"column":12}},"loc":{"start":{"line":82,"column":17},"end":{"line":84,"column":5}},"line":82},"7":{"name":"(anonymous_7)","decl":{"start":{"line":87,"column":12},"end":{"line":87,"column":13}},"loc":{"start":{"line":87,"column":18},"end":{"line":101,"column":3}},"line":87},"8":{"name":"(anonymous_8)","decl":{"start":{"line":91,"column":25},"end":{"line":91,"column":26}},"loc":{"start":{"line":91,"column":55},"end":{"line":94,"column":5}},"line":91},"9":{"name":"(anonymous_9)","decl":{"start":{"line":98,"column":11},"end":{"line":98,"column":12}},"loc":{"start":{"line":98,"column":17},"end":{"line":100,"column":5}},"line":98},"10":{"name":"(anonymous_10)","decl":{"start":{"line":103,"column":12},"end":{"line":103,"column":13}},"loc":{"start":{"line":103,"column":18},"end":{"line":111,"column":3}},"line":103},"11":{"name":"(anonymous_11)","decl":{"start":{"line":113,"column":12},"end":{"line":113,"column":13}},"loc":{"start":{"line":113,"column":18},"end":{"line":125,"column":3}},"line":113},"12":{"name":"(anonymous_12)","decl":{"start":{"line":114,"column":32},"end":{"line":114,"column":33}},"loc":{"start":{"line":114,"column":38},"end":{"line":116,"column":5}},"line":114},"13":{"name":"(anonymous_13)","decl":{"start":{"line":121,"column":11},"end":{"line":121,"column":12}},"loc":{"start":{"line":121,"column":17},"end":{"line":124,"column":5}},"line":121}},"branchMap":{"0":{"loc":{"start":{"line":54,"column":4},"end":{"line":60,"column":5}},"type":"if","locations":[{"start":{"line":54,"column":4},"end":{"line":60,"column":5}},{"start":{},"end":{}}],"line":54},"1":{"loc":{"start":{"line":57,"column":6},"end":{"line":59,"column":7}},"type":"if","locations":[{"start":{"line":57,"column":6},"end":{"line":59,"column":7}},{"start":{},"end":{}}],"line":57},"2":{"loc":{"start":{"line":57,"column":10},"end":{"line":57,"column":48}},"type":"binary-expr","locations":[{"start":{"line":57,"column":10},"end":{"line":57,"column":21}},{"start":{"line":57,"column":25},"end":{"line":57,"column":35}},{"start":{"line":57,"column":39},"end":{"line":57,"column":48}}],"line":57},"3":{"loc":{"start":{"line":70,"column":4},"end":{"line":70,"column":27}},"type":"if","locations":[{"start":{"line":70,"column":4},"end":{"line":70,"column":27}},{"start":{},"end":{}}],"line":70},"4":{"loc":{"start":{"line":89,"column":4},"end":{"line":89,"column":27}},"type":"if","locations":[{"start":{"line":89,"column":4},"end":{"line":89,"column":27}},{"start":{},"end":{}}],"line":89},"5":{"loc":{"start":{"line":105,"column":4},"end":{"line":105,"column":24}},"type":"if","locations":[{"start":{"line":105,"column":4},"end":{"line":105,"column":24}},{"start":{},"end":{}}],"line":105},"6":{"loc":{"start":{"line":108,"column":4},"end":{"line":110,"column":5}},"type":"if","locations":[{"start":{"line":108,"column":4},"end":{"line":110,"column":5}},{"start":{},"end":{}}],"line":108},"7":{"loc":{"start":{"line":108,"column":8},"end":{"line":108,"column":60}},"type":"binary-expr","locations":[{"start":{"line":108,"column":8},"end":{"line":108,"column":11}},{"start":{"line":108,"column":15},"end":{"line":108,"column":35}},{"start":{"line":108,"column":39},"end":{"line":108,"column":60}}],"line":108}},"s":{"0":1,"1":4,"2":4,"3":4,"4":4,"5":4,"6":4,"7":4,"8":4,"9":4,"10":0,"11":0,"12":0,"13":0,"14":4,"15":0,"16":0,"17":4,"18":4,"19":4,"20":0,"21":4,"22":4,"23":0,"24":0,"25":4,"26":4,"27":4,"28":4,"29":4,"30":4,"31":0,"32":4,"33":0,"34":0,"35":4,"36":4,"37":4,"38":4,"39":2,"40":2,"41":0,"42":2,"43":2,"44":0,"45":4,"46":2,"47":0,"48":2,"49":2,"50":2,"51":2,"52":2,"53":4},"f":{"0":4,"1":0,"2":0,"3":4,"4":0,"5":0,"6":4,"7":4,"8":0,"9":4,"10":2,"11":2,"12":0,"13":2},"b":{"0":[0,0],"1":[0,0],"2":[0,0,0],"3":[0,4],"4":[0,4],"5":[0,2],"6":[0,2],"7":[2,2,0]},"_coverageSchema":"1a1c01bbd47fc00a2c39e90264f33305004495a9","hash":"f2259417379a5c22e3beba2512397d507423e08c"}
,"/Users/benoitjolly/Documents/siteweb/jitter-editor/src/features/editor/components/canvas/styles.ts": {"path":"/Users/benoitjolly/Documents/siteweb/jitter-editor/src/features/editor/components/canvas/styles.ts","statementMap":{"0":{"start":{"line":3,"column":31},"end":{"line":26,"column":1}},"1":{"start":{"line":10,"column":37},"end":{"line":10,"column":55}},"2":{"start":{"line":11,"column":34},"end":{"line":11,"column":59}},"3":{"start":{"line":12,"column":31},"end":{"line":12,"column":51}},"4":{"start":{"line":28,"column":26},"end":{"line":34,"column":1}},"5":{"start":{"line":36,"column":24},"end":{"line":46,"column":1}}},"fnMap":{"0":{"name":"(anonymous_0)","decl":{"start":{"line":10,"column":22},"end":{"line":10,"column":23}},"loc":{"start":{"line":10,"column":37},"end":{"line":10,"column":55}},"line":10},"1":{"name":"(anonymous_1)","decl":{"start":{"line":11,"column":19},"end":{"line":11,"column":20}},"loc":{"start":{"line":11,"column":34},"end":{"line":11,"column":59}},"line":11},"2":{"name":"(anonymous_2)","decl":{"start":{"line":12,"column":16},"end":{"line":12,"column":17}},"loc":{"start":{"line":12,"column":31},"end":{"line":12,"column":51}},"line":12}},"branchMap":{},"s":{"0":1,"1":4,"2":4,"3":4,"4":1,"5":1},"f":{"0":4,"1":4,"2":4},"b":{},"_coverageSchema":"1a1c01bbd47fc00a2c39e90264f33305004495a9","hash":"dc8e5465166b1912e0a069b6b5a61f3842353b28"}
,"/Users/benoitjolly/Documents/siteweb/jitter-editor/src/features/editor/components/canvas/hooks/useCanvasDrawing.ts": {"path":"/Users/benoitjolly/Documents/siteweb/jitter-editor/src/features/editor/components/canvas/hooks/useCanvasDrawing.ts","statementMap":{"0":{"start":{"line":12,"column":32},"end":{"line":71,"column":1}},"1":{"start":{"line":13,"column":19},"end":{"line":48,"column":16}},"2":{"start":{"line":14,"column":33},"end":{"line":14,"column":41}},"3":{"start":{"line":16,"column":4},"end":{"line":16,"column":15}},"4":{"start":{"line":17,"column":4},"end":{"line":17,"column":30}},"5":{"start":{"line":18,"column":4},"end":{"line":18,"column":26}},"6":{"start":{"line":20,"column":4},"end":{"line":20,"column":20}},"7":{"start":{"line":22,"column":26},"end":{"line":22,"column":38}},"8":{"start":{"line":23,"column":26},"end":{"line":23,"column":38}},"9":{"start":{"line":24,"column":24},"end":{"line":24,"column":45}},"10":{"start":{"line":25,"column":24},"end":{"line":25,"column":46}},"11":{"start":{"line":27,"column":19},"end":{"line":27,"column":82}},"12":{"start":{"line":28,"column":19},"end":{"line":28,"column":82}},"13":{"start":{"line":30,"column":4},"end":{"line":36,"column":5}},"14":{"start":{"line":30,"column":17},"end":{"line":30,"column":23}},"15":{"start":{"line":31,"column":6},"end":{"line":31,"column":127}},"16":{"start":{"line":32,"column":6},"end":{"line":32,"column":102}},"17":{"start":{"line":34,"column":6},"end":{"line":34,"column":35}},"18":{"start":{"line":35,"column":6},"end":{"line":35,"column":33}},"19":{"start":{"line":38,"column":4},"end":{"line":44,"column":5}},"20":{"start":{"line":38,"column":17},"end":{"line":38,"column":23}},"21":{"start":{"line":39,"column":6},"end":{"line":39,"column":127}},"22":{"start":{"line":40,"column":6},"end":{"line":40,"column":102}},"23":{"start":{"line":42,"column":6},"end":{"line":42,"column":35}},"24":{"start":{"line":43,"column":6},"end":{"line":43,"column":33}},"25":{"start":{"line":46,"column":4},"end":{"line":46,"column":17}},"26":{"start":{"line":47,"column":4},"end":{"line":47,"column":18}},"27":{"start":{"line":50,"column":21},"end":{"line":65,"column":34}},"28":{"start":{"line":51,"column":33},"end":{"line":51,"column":41}},"29":{"start":{"line":53,"column":4},"end":{"line":53,"column":44}},"30":{"start":{"line":54,"column":4},"end":{"line":54,"column":38}},"31":{"start":{"line":56,"column":4},"end":{"line":56,"column":33}},"32":{"start":{"line":58,"column":4},"end":{"line":58,"column":15}},"33":{"start":{"line":59,"column":4},"end":{"line":59,"column":30}},"34":{"start":{"line":60,"column":4},"end":{"line":60,"column":26}},"35":{"start":{"line":62,"column":4},"end":{"line":62,"column":45}},"36":{"start":{"line":62,"column":28},"end":{"line":62,"column":43}},"37":{"start":{"line":64,"column":4},"end":{"line":64,"column":18}},"38":{"start":{"line":67,"column":2},"end":{"line":70,"column":3}}},"fnMap":{"0":{"name":"(anonymous_0)","decl":{"start":{"line":12,"column":32},"end":{"line":12,"column":33}},"loc":{"start":{"line":12,"column":78},"end":{"line":71,"column":1}},"line":12},"1":{"name":"(anonymous_1)","decl":{"start":{"line":13,"column":31},"end":{"line":13,"column":32}},"loc":{"start":{"line":13,"column":97},"end":{"line":48,"column":3}},"line":13},"2":{"name":"(anonymous_2)","decl":{"start":{"line":50,"column":33},"end":{"line":50,"column":34}},"loc":{"start":{"line":50,"column":99},"end":{"line":65,"column":3}},"line":50},"3":{"name":"(anonymous_3)","decl":{"start":{"line":62,"column":19},"end":{"line":62,"column":20}},"loc":{"start":{"line":62,"column":28},"end":{"line":62,"column":43}},"line":62}},"branchMap":{"0":{"loc":{"start":{"line":31,"column":24},"end":{"line":31,"column":126}},"type":"cond-expr","locations":[{"start":{"line":31,"column":82},"end":{"line":31,"column":106}},{"start":{"line":31,"column":109},"end":{"line":31,"column":126}}],"line":31},"1":{"loc":{"start":{"line":32,"column":22},"end":{"line":32,"column":101}},"type":"cond-expr","locations":[{"start":{"line":32,"column":80},"end":{"line":32,"column":88}},{"start":{"line":32,"column":91},"end":{"line":32,"column":101}}],"line":32},"2":{"loc":{"start":{"line":39,"column":24},"end":{"line":39,"column":126}},"type":"cond-expr","locations":[{"start":{"line":39,"column":82},"end":{"line":39,"column":106}},{"start":{"line":39,"column":109},"end":{"line":39,"column":126}}],"line":39},"3":{"loc":{"start":{"line":40,"column":22},"end":{"line":40,"column":101}},"type":"cond-expr","locations":[{"start":{"line":40,"column":80},"end":{"line":40,"column":88}},{"start":{"line":40,"column":91},"end":{"line":40,"column":101}}],"line":40}},"s":{"0":1,"1":4,"2":0,"3":0,"4":0,"5":0,"6":0,"7":0,"8":0,"9":0,"10":0,"11":0,"12":0,"13":0,"14":0,"15":0,"16":0,"17":0,"18":0,"19":0,"20":0,"21":0,"22":0,"23":0,"24":0,"25":0,"26":0,"27":4,"28":0,"29":0,"30":0,"31":0,"32":0,"33":0,"34":0,"35":0,"36":0,"37":0,"38":4},"f":{"0":4,"1":0,"2":0,"3":0},"b":{"0":[0,0],"1":[0,0],"2":[0,0],"3":[0,0]},"_coverageSchema":"1a1c01bbd47fc00a2c39e90264f33305004495a9","hash":"76541db518d2b0cb760f4f2a02c7efc03ca8ef48"}
,"/Users/benoitjolly/Documents/siteweb/jitter-editor/src/features/editor/components/canvas/hooks/useCanvasInteraction.ts": {"path":"/Users/benoitjolly/Documents/siteweb/jitter-editor/src/features/editor/components/canvas/hooks/useCanvasInteraction.ts","statementMap":{"0":{"start":{"line":13,"column":36},"end":{"line":79,"column":1}},"1":{"start":{"line":20,"column":38},"end":{"line":20,"column":53}},"2":{"start":{"line":21,"column":36},"end":{"line":21,"column":60}},"3":{"start":{"line":23,"column":21},"end":{"line":45,"column":47}},"4":{"start":{"line":24,"column":34},"end":{"line":24,"column":42}},"5":{"start":{"line":25,"column":23},"end":{"line":25,"column":27}},"6":{"start":{"line":27,"column":20},"end":{"line":29,"column":32}},"7":{"start":{"line":31,"column":17},"end":{"line":31,"column":62}},"8":{"start":{"line":32,"column":4},"end":{"line":32,"column":22}},"9":{"start":{"line":32,"column":15},"end":{"line":32,"column":22}},"10":{"start":{"line":34,"column":19},"end":{"line":34,"column":32}},"11":{"start":{"line":35,"column":19},"end":{"line":35,"column":31}},"12":{"start":{"line":37,"column":19},"end":{"line":37,"column":57}},"13":{"start":{"line":38,"column":19},"end":{"line":38,"column":57}},"14":{"start":{"line":40,"column":20},"end":{"line":40,"column":45}},"15":{"start":{"line":41,"column":20},"end":{"line":41,"column":45}},"16":{"start":{"line":43,"column":4},"end":{"line":43,"column":21}},"17":{"start":{"line":44,"column":4},"end":{"line":44,"column":29}},"18":{"start":{"line":47,"column":26},"end":{"line":50,"column":8}},"19":{"start":{"line":48,"column":4},"end":{"line":48,"column":24}},"20":{"start":{"line":49,"column":4},"end":{"line":49,"column":49}},"21":{"start":{"line":52,"column":26},"end":{"line":60,"column":67}},"22":{"start":{"line":53,"column":4},"end":{"line":53,"column":28}},"23":{"start":{"line":53,"column":21},"end":{"line":53,"column":28}},"24":{"start":{"line":55,"column":15},"end":{"line":55,"column":38}},"25":{"start":{"line":56,"column":15},"end":{"line":56,"column":38}},"26":{"start":{"line":58,"column":4},"end":{"line":58,"column":51}},"27":{"start":{"line":59,"column":4},"end":{"line":59,"column":49}},"28":{"start":{"line":62,"column":24},"end":{"line":64,"column":8}},"29":{"start":{"line":63,"column":4},"end":{"line":63,"column":25}},"30":{"start":{"line":66,"column":28},"end":{"line":68,"column":17}},"31":{"start":{"line":67,"column":4},"end":{"line":67,"column":16}},"32":{"start":{"line":70,"column":2},"end":{"line":78,"column":3}}},"fnMap":{"0":{"name":"(anonymous_0)","decl":{"start":{"line":13,"column":36},"end":{"line":13,"column":37}},"loc":{"start":{"line":19,"column":30},"end":{"line":79,"column":1}},"line":19},"1":{"name":"(anonymous_1)","decl":{"start":{"line":23,"column":33},"end":{"line":23,"column":34}},"loc":{"start":{"line":23,"column":75},"end":{"line":45,"column":3}},"line":23},"2":{"name":"(anonymous_2)","decl":{"start":{"line":47,"column":38},"end":{"line":47,"column":39}},"loc":{"start":{"line":47,"column":73},"end":{"line":50,"column":3}},"line":47},"3":{"name":"(anonymous_3)","decl":{"start":{"line":52,"column":38},"end":{"line":52,"column":39}},"loc":{"start":{"line":52,"column":73},"end":{"line":60,"column":3}},"line":52},"4":{"name":"(anonymous_4)","decl":{"start":{"line":62,"column":36},"end":{"line":62,"column":37}},"loc":{"start":{"line":62,"column":42},"end":{"line":64,"column":3}},"line":62},"5":{"name":"(anonymous_5)","decl":{"start":{"line":66,"column":40},"end":{"line":66,"column":41}},"loc":{"start":{"line":66,"column":46},"end":{"line":68,"column":3}},"line":66}},"branchMap":{"0":{"loc":{"start":{"line":27,"column":20},"end":{"line":29,"column":32}},"type":"cond-expr","locations":[{"start":{"line":28,"column":8},"end":{"line":28,"column":32}},{"start":{"line":29,"column":8},"end":{"line":29,"column":32}}],"line":27},"1":{"loc":{"start":{"line":32,"column":4},"end":{"line":32,"column":22}},"type":"if","locations":[{"start":{"line":32,"column":4},"end":{"line":32,"column":22}},{"start":{},"end":{}}],"line":32},"2":{"loc":{"start":{"line":53,"column":4},"end":{"line":53,"column":28}},"type":"if","locations":[{"start":{"line":53,"column":4},"end":{"line":53,"column":28}},{"start":{},"end":{}}],"line":53}},"s":{"0":1,"1":4,"2":4,"3":4,"4":0,"5":0,"6":0,"7":0,"8":0,"9":0,"10":0,"11":0,"12":0,"13":0,"14":0,"15":0,"16":0,"17":0,"18":4,"19":0,"20":0,"21":4,"22":0,"23":0,"24":0,"25":0,"26":0,"27":0,"28":4,"29":0,"30":4,"31":0,"32":4},"f":{"0":4,"1":0,"2":0,"3":0,"4":0,"5":0},"b":{"0":[0,0],"1":[0,0],"2":[0,0]},"_coverageSchema":"1a1c01bbd47fc00a2c39e90264f33305004495a9","hash":"4bf0b8945cc33cb0660acc168524bed6dee61bef"}
,"/Users/benoitjolly/Documents/siteweb/jitter-editor/src/features/editor/components/canvas/hooks/useCanvasSetup.ts": {"path":"/Users/benoitjolly/Documents/siteweb/jitter-editor/src/features/editor/components/canvas/hooks/useCanvasSetup.ts","statementMap":{"0":{"start":{"line":16,"column":30},"end":{"line":59,"column":1}},"1":{"start":{"line":22,"column":38},"end":{"line":22,"column":71}},"2":{"start":{"line":24,"column":33},"end":{"line":53,"column":73}},"3":{"start":{"line":25,"column":19},"end":{"line":25,"column":36}},"4":{"start":{"line":26,"column":4},"end":{"line":26,"column":24}},"5":{"start":{"line":26,"column":17},"end":{"line":26,"column":24}},"6":{"start":{"line":28,"column":22},"end":{"line":28,"column":42}},"7":{"start":{"line":29,"column":4},"end":{"line":29,"column":27}},"8":{"start":{"line":29,"column":20},"end":{"line":29,"column":27}},"9":{"start":{"line":31,"column":17},"end":{"line":31,"column":50}},"10":{"start":{"line":33,"column":4},"end":{"line":35,"column":5}},"11":{"start":{"line":34,"column":6},"end":{"line":34,"column":13}},"12":{"start":{"line":37,"column":4},"end":{"line":37,"column":62}},"13":{"start":{"line":39,"column":4},"end":{"line":39,"column":32}},"14":{"start":{"line":40,"column":4},"end":{"line":40,"column":33}},"15":{"start":{"line":42,"column":23},"end":{"line":42,"column":51}},"16":{"start":{"line":43,"column":4},"end":{"line":43,"column":43}},"17":{"start":{"line":44,"column":4},"end":{"line":44,"column":45}},"18":{"start":{"line":46,"column":4},"end":{"line":46,"column":65}},"19":{"start":{"line":48,"column":16},"end":{"line":48,"column":39}},"20":{"start":{"line":49,"column":4},"end":{"line":52,"column":5}},"21":{"start":{"line":50,"column":6},"end":{"line":50,"column":40}},"22":{"start":{"line":51,"column":6},"end":{"line":51,"column":47}},"23":{"start":{"line":55,"column":2},"end":{"line":58,"column":3}}},"fnMap":{"0":{"name":"(anonymous_0)","decl":{"start":{"line":16,"column":30},"end":{"line":16,"column":31}},"loc":{"start":{"line":21,"column":24},"end":{"line":59,"column":1}},"line":21},"1":{"name":"(anonymous_1)","decl":{"start":{"line":24,"column":45},"end":{"line":24,"column":46}},"loc":{"start":{"line":24,"column":51},"end":{"line":53,"column":3}},"line":24}},"branchMap":{"0":{"loc":{"start":{"line":26,"column":4},"end":{"line":26,"column":24}},"type":"if","locations":[{"start":{"line":26,"column":4},"end":{"line":26,"column":24}},{"start":{},"end":{}}],"line":26},"1":{"loc":{"start":{"line":29,"column":4},"end":{"line":29,"column":27}},"type":"if","locations":[{"start":{"line":29,"column":4},"end":{"line":29,"column":27}},{"start":{},"end":{}}],"line":29},"2":{"loc":{"start":{"line":33,"column":4},"end":{"line":35,"column":5}},"type":"if","locations":[{"start":{"line":33,"column":4},"end":{"line":35,"column":5}},{"start":{},"end":{}}],"line":33},"3":{"loc":{"start":{"line":33,"column":8},"end":{"line":33,"column":76}},"type":"binary-expr","locations":[{"start":{"line":33,"column":8},"end":{"line":33,"column":39}},{"start":{"line":33,"column":43},"end":{"line":33,"column":76}}],"line":33},"4":{"loc":{"start":{"line":42,"column":23},"end":{"line":42,"column":51}},"type":"binary-expr","locations":[{"start":{"line":42,"column":23},"end":{"line":42,"column":46}},{"start":{"line":42,"column":50},"end":{"line":42,"column":51}}],"line":42},"5":{"loc":{"start":{"line":49,"column":4},"end":{"line":52,"column":5}},"type":"if","locations":[{"start":{"line":49,"column":4},"end":{"line":52,"column":5}},{"start":{},"end":{}}],"line":49}},"s":{"0":1,"1":4,"2":4,"3":4,"4":4,"5":0,"6":4,"7":4,"8":0,"9":4,"10":4,"11":4,"12":0,"13":0,"14":0,"15":0,"16":0,"17":0,"18":0,"19":0,"20":0,"21":0,"22":0,"23":4},"f":{"0":4,"1":4},"b":{"0":[0,4],"1":[0,4],"2":[4,0],"3":[4,4],"4":[0,0],"5":[0,0]},"_coverageSchema":"1a1c01bbd47fc00a2c39e90264f33305004495a9","hash":"4c050e76aed9f4e47ada8465118765c2307e73c8"}
,"/Users/benoitjolly/Documents/siteweb/jitter-editor/src/features/editor/components/canvas/hooks/useShapeInteraction.ts": {"path":"/Users/benoitjolly/Documents/siteweb/jitter-editor/src/features/editor/components/canvas/hooks/useShapeInteraction.ts","statementMap":{"0":{"start":{"line":7,"column":27},"end":{"line":43,"column":1}},"1":{"start":{"line":15,"column":17},"end":{"line":15,"column":34}},"2":{"start":{"line":16,"column":17},"end":{"line":16,"column":34}},"3":{"start":{"line":18,"column":2},"end":{"line":42,"column":3}},"4":{"start":{"line":19,"column":4},"end":{"line":24,"column":6}},"5":{"start":{"line":26,"column":20},"end":{"line":26,"column":43}},"6":{"start":{"line":27,"column":20},"end":{"line":27,"column":44}},"7":{"start":{"line":29,"column":15},"end":{"line":29,"column":31}},"8":{"start":{"line":30,"column":15},"end":{"line":30,"column":31}},"9":{"start":{"line":32,"column":21},"end":{"line":32,"column":51}},"10":{"start":{"line":33,"column":15},"end":{"line":33,"column":64}},"11":{"start":{"line":34,"column":15},"end":{"line":34,"column":64}},"12":{"start":{"line":36,"column":4},"end":{"line":41,"column":6}},"13":{"start":{"line":61,"column":35},"end":{"line":139,"column":1}},"14":{"start":{"line":67,"column":38},"end":{"line":67,"column":53}},"15":{"start":{"line":69,"column":27},"end":{"line":91,"column":51}},"16":{"start":{"line":70,"column":33},"end":{"line":70,"column":41}},"17":{"start":{"line":72,"column":22},"end":{"line":72,"column":42}},"18":{"start":{"line":73,"column":4},"end":{"line":73,"column":27}},"19":{"start":{"line":73,"column":20},"end":{"line":73,"column":27}},"20":{"start":{"line":75,"column":17},"end":{"line":75,"column":50}},"21":{"start":{"line":77,"column":19},"end":{"line":77,"column":40}},"22":{"start":{"line":78,"column":19},"end":{"line":78,"column":39}},"23":{"start":{"line":80,"column":4},"end":{"line":90,"column":5}},"24":{"start":{"line":80,"column":17},"end":{"line":80,"column":34}},"25":{"start":{"line":81,"column":20},"end":{"line":81,"column":29}},"26":{"start":{"line":83,"column":6},"end":{"line":89,"column":7}},"27":{"start":{"line":84,"column":8},"end":{"line":87,"column":9}},"28":{"start":{"line":85,"column":42},"end":{"line":85,"column":69}},"29":{"start":{"line":86,"column":10},"end":{"line":86,"column":58}},"30":{"start":{"line":88,"column":8},"end":{"line":88,"column":14}},"31":{"start":{"line":93,"column":26},"end":{"line":122,"column":50}},"32":{"start":{"line":94,"column":33},"end":{"line":94,"column":41}},"33":{"start":{"line":96,"column":22},"end":{"line":96,"column":42}},"34":{"start":{"line":97,"column":4},"end":{"line":97,"column":27}},"35":{"start":{"line":97,"column":20},"end":{"line":97,"column":27}},"36":{"start":{"line":99,"column":17},"end":{"line":99,"column":50}},"37":{"start":{"line":101,"column":19},"end":{"line":101,"column":40}},"38":{"start":{"line":102,"column":19},"end":{"line":102,"column":39}},"39":{"start":{"line":104,"column":19},"end":{"line":104,"column":24}},"40":{"start":{"line":106,"column":4},"end":{"line":113,"column":5}},"41":{"start":{"line":106,"column":17},"end":{"line":106,"column":34}},"42":{"start":{"line":107,"column":20},"end":{"line":107,"column":29}},"43":{"start":{"line":109,"column":6},"end":{"line":112,"column":7}},"44":{"start":{"line":110,"column":8},"end":{"line":110,"column":24}},"45":{"start":{"line":111,"column":8},"end":{"line":111,"column":14}},"46":{"start":{"line":115,"column":4},"end":{"line":121,"column":5}},"47":{"start":{"line":116,"column":6},"end":{"line":116,"column":41}},"48":{"start":{"line":117,"column":6},"end":{"line":117,"column":26}},"49":{"start":{"line":118,"column":11},"end":{"line":121,"column":5}},"50":{"start":{"line":119,"column":6},"end":{"line":119,"column":38}},"51":{"start":{"line":120,"column":6},"end":{"line":120,"column":27}},"52":{"start":{"line":124,"column":2},"end":{"line":132,"column":21}},"53":{"start":{"line":125,"column":29},"end":{"line":125,"column":49}},"54":{"start":{"line":127,"column":4},"end":{"line":131,"column":6}},"55":{"start":{"line":128,"column":6},"end":{"line":130,"column":7}},"56":{"start":{"line":129,"column":8},"end":{"line":129,"column":50}},"57":{"start":{"line":134,"column":2},"end":{"line":138,"column":4}}},"fnMap":{"0":{"name":"(anonymous_0)","decl":{"start":{"line":7,"column":27},"end":{"line":7,"column":28}},"loc":{"start":{"line":14,"column":14},"end":{"line":43,"column":1}},"line":14},"1":{"name":"(anonymous_1)","decl":{"start":{"line":61,"column":35},"end":{"line":61,"column":36}},"loc":{"start":{"line":66,"column":29},"end":{"line":139,"column":1}},"line":66},"2":{"name":"(anonymous_2)","decl":{"start":{"line":69,"column":39},"end":{"line":69,"column":40}},"loc":{"start":{"line":69,"column":74},"end":{"line":91,"column":3}},"line":69},"3":{"name":"(anonymous_3)","decl":{"start":{"line":93,"column":38},"end":{"line":93,"column":39}},"loc":{"start":{"line":93,"column":73},"end":{"line":122,"column":3}},"line":93},"4":{"name":"(anonymous_4)","decl":{"start":{"line":124,"column":12},"end":{"line":124,"column":13}},"loc":{"start":{"line":124,"column":18},"end":{"line":132,"column":3}},"line":124},"5":{"name":"(anonymous_5)","decl":{"start":{"line":127,"column":11},"end":{"line":127,"column":12}},"loc":{"start":{"line":127,"column":17},"end":{"line":131,"column":5}},"line":127}},"branchMap":{"0":{"loc":{"start":{"line":18,"column":2},"end":{"line":42,"column":3}},"type":"if","locations":[{"start":{"line":18,"column":2},"end":{"line":42,"column":3}},{"start":{"line":25,"column":9},"end":{"line":42,"column":3}}],"line":18},"1":{"loc":{"start":{"line":20,"column":6},"end":{"line":23,"column":36}},"type":"binary-expr","locations":[{"start":{"line":20,"column":6},"end":{"line":20,"column":22}},{"start":{"line":21,"column":6},"end":{"line":21,"column":35}},{"start":{"line":22,"column":6},"end":{"line":22,"column":22}},{"start":{"line":23,"column":6},"end":{"line":23,"column":36}}],"line":20},"2":{"loc":{"start":{"line":37,"column":6},"end":{"line":40,"column":27}},"type":"binary-expr","locations":[{"start":{"line":37,"column":6},"end":{"line":37,"column":27}},{"start":{"line":38,"column":6},"end":{"line":38,"column":26}},{"start":{"line":39,"column":6},"end":{"line":39,"column":28}},{"start":{"line":40,"column":6},"end":{"line":40,"column":27}}],"line":37},"3":{"loc":{"start":{"line":73,"column":4},"end":{"line":73,"column":27}},"type":"if","locations":[{"start":{"line":73,"column":4},"end":{"line":73,"column":27}},{"start":{},"end":{}}],"line":73},"4":{"loc":{"start":{"line":83,"column":6},"end":{"line":89,"column":7}},"type":"if","locations":[{"start":{"line":83,"column":6},"end":{"line":89,"column":7}},{"start":{},"end":{}}],"line":83},"5":{"loc":{"start":{"line":84,"column":8},"end":{"line":87,"column":9}},"type":"if","locations":[{"start":{"line":84,"column":8},"end":{"line":87,"column":9}},{"start":{},"end":{}}],"line":84},"6":{"loc":{"start":{"line":97,"column":4},"end":{"line":97,"column":27}},"type":"if","locations":[{"start":{"line":97,"column":4},"end":{"line":97,"column":27}},{"start":{},"end":{}}],"line":97},"7":{"loc":{"start":{"line":109,"column":6},"end":{"line":112,"column":7}},"type":"if","locations":[{"start":{"line":109,"column":6},"end":{"line":112,"column":7}},{"start":{},"end":{}}],"line":109},"8":{"loc":{"start":{"line":115,"column":4},"end":{"line":121,"column":5}},"type":"if","locations":[{"start":{"line":115,"column":4},"end":{"line":121,"column":5}},{"start":{"line":118,"column":11},"end":{"line":121,"column":5}}],"line":115},"9":{"loc":{"start":{"line":115,"column":8},"end":{"line":115,"column":31}},"type":"binary-expr","locations":[{"start":{"line":115,"column":8},"end":{"line":115,"column":16}},{"start":{"line":115,"column":20},"end":{"line":115,"column":31}}],"line":115},"10":{"loc":{"start":{"line":118,"column":11},"end":{"line":121,"column":5}},"type":"if","locations":[{"start":{"line":118,"column":11},"end":{"line":121,"column":5}},{"start":{},"end":{}}],"line":118},"11":{"loc":{"start":{"line":118,"column":15},"end":{"line":118,"column":38}},"type":"binary-expr","locations":[{"start":{"line":118,"column":15},"end":{"line":118,"column":24}},{"start":{"line":118,"column":28},"end":{"line":118,"column":38}}],"line":118},"12":{"loc":{"start":{"line":128,"column":6},"end":{"line":130,"column":7}},"type":"if","locations":[{"start":{"line":128,"column":6},"end":{"line":130,"column":7}},{"start":{},"end":{}}],"line":128}},"s":{"0":1,"1":0,"2":0,"3":0,"4":0,"5":0,"6":0,"7":0,"8":0,"9":0,"10":0,"11":0,"12":0,"13":1,"14":4,"15":4,"16":0,"17":0,"18":0,"19":0,"20":0,"21":0,"22":0,"23":0,"24":0,"25":0,"26":0,"27":0,"28":0,"29":0,"30":0,"31":4,"32":0,"33":0,"34":0,"35":0,"36":0,"37":0,"38":0,"39":0,"40":0,"41":0,"42":0,"43":0,"44":0,"45":0,"46":0,"47":0,"48":0,"49":0,"50":0,"51":0,"52":4,"53":2,"54":2,"55":2,"56":2,"57":4},"f":{"0":0,"1":4,"2":0,"3":0,"4":2,"5":2},"b":{"0":[0,0],"1":[0,0,0,0],"2":[0,0,0,0],"3":[0,0],"4":[0,0],"5":[0,0],"6":[0,0],"7":[0,0],"8":[0,0],"9":[0,0],"10":[0,0],"11":[0,0],"12":[2,0]},"_coverageSchema":"1a1c01bbd47fc00a2c39e90264f33305004495a9","hash":"23b8601a81e8c510664933bec2ef91e8ecd575d5"}
,"/Users/benoitjolly/Documents/siteweb/jitter-editor/src/features/editor/components/control-panel/index.tsx": {"path":"/Users/benoitjolly/Documents/siteweb/jitter-editor/src/features/editor/components/control-panel/index.tsx","statementMap":{"0":{"start":{"line":7,"column":30},"end":{"line":16,"column":1}},"1":{"start":{"line":8,"column":37},"end":{"line":8,"column":60}},"2":{"start":{"line":9,"column":34},"end":{"line":9,"column":59}},"3":{"start":{"line":10,"column":31},"end":{"line":10,"column":50}},"4":{"start":{"line":11,"column":28},"end":{"line":11,"column":42}},"5":{"start":{"line":18,"column":19},"end":{"line":22,"column":1}},"6":{"start":{"line":19,"column":26},"end":{"line":19,"column":46}},"7":{"start":{"line":20,"column":34},"end":{"line":20,"column":48}},"8":{"start":{"line":21,"column":30},"end":{"line":21,"column":51}},"9":{"start":{"line":24,"column":24},"end":{"line":30,"column":1}},"10":{"start":{"line":27,"column":24},"end":{"line":27,"column":38}},"11":{"start":{"line":32,"column":25},"end":{"line":36,"column":1}},"12":{"start":{"line":35,"column":24},"end":{"line":35,"column":38}},"13":{"start":{"line":38,"column":31},"end":{"line":42,"column":1}},"14":{"start":{"line":40,"column":32},"end":{"line":40,"column":46}},"15":{"start":{"line":41,"column":41},"end":{"line":41,"column":59}},"16":{"start":{"line":44,"column":25},"end":{"line":48,"column":1}},"17":{"start":{"line":45,"column":31},"end":{"line":45,"column":45}},"18":{"start":{"line":46,"column":41},"end":{"line":46,"column":59}},"19":{"start":{"line":47,"column":32},"end":{"line":47,"column":46}},"20":{"start":{"line":50,"column":26},"end":{"line":54,"column":1}},"21":{"start":{"line":53,"column":24},"end":{"line":53,"column":38}},"22":{"start":{"line":56,"column":19},"end":{"line":60,"column":1}},"23":{"start":{"line":59,"column":24},"end":{"line":59,"column":38}},"24":{"start":{"line":62,"column":14},"end":{"line":65,"column":1}},"25":{"start":{"line":63,"column":30},"end":{"line":63,"column":51}},"26":{"start":{"line":64,"column":26},"end":{"line":64,"column":43}},"27":{"start":{"line":67,"column":14},"end":{"line":73,"column":1}},"28":{"start":{"line":68,"column":28},"end":{"line":68,"column":42}},"29":{"start":{"line":68,"column":61},"end":{"line":68,"column":75}},"30":{"start":{"line":69,"column":37},"end":{"line":69,"column":55}},"31":{"start":{"line":70,"column":34},"end":{"line":70,"column":58}},"32":{"start":{"line":72,"column":30},"end":{"line":72,"column":51}},"33":{"start":{"line":75,"column":25},"end":{"line":80,"column":1}},"34":{"start":{"line":76,"column":32},"end":{"line":76,"column":46}},"35":{"start":{"line":77,"column":30},"end":{"line":77,"column":51}},"36":{"start":{"line":78,"column":26},"end":{"line":78,"column":43}},"37":{"start":{"line":82,"column":31},"end":{"line":228,"column":1}},"38":{"start":{"line":94,"column":6},"end":{"line":94,"column":17}},"39":{"start":{"line":96,"column":36},"end":{"line":96,"column":51}},"40":{"start":{"line":98,"column":29},"end":{"line":128,"column":3}},"41":{"start":{"line":99,"column":4},"end":{"line":102,"column":5}},"42":{"start":{"line":100,"column":6},"end":{"line":100,"column":68}},"43":{"start":{"line":101,"column":6},"end":{"line":101,"column":13}},"44":{"start":{"line":104,"column":4},"end":{"line":104,"column":23}},"45":{"start":{"line":105,"column":4},"end":{"line":127,"column":5}},"46":{"start":{"line":106,"column":35},"end":{"line":106,"column":43}},"47":{"start":{"line":108,"column":26},"end":{"line":108,"column":38}},"48":{"start":{"line":109,"column":25},"end":{"line":109,"column":37}},"49":{"start":{"line":110,"column":27},"end":{"line":110,"column":50}},"50":{"start":{"line":111,"column":28},"end":{"line":111,"column":52}},"51":{"start":{"line":113,"column":40},"end":{"line":113,"column":78}},"52":{"start":{"line":115,"column":24},"end":{"line":120,"column":7}},"53":{"start":{"line":122,"column":6},"end":{"line":122,"column":26}},"54":{"start":{"line":124,"column":6},"end":{"line":124,"column":60}},"55":{"start":{"line":126,"column":6},"end":{"line":126,"column":26}},"56":{"start":{"line":130,"column":26},"end":{"line":132,"column":3}},"57":{"start":{"line":131,"column":4},"end":{"line":131,"column":16}},"58":{"start":{"line":134,"column":31},"end":{"line":139,"column":3}},"59":{"start":{"line":135,"column":18},"end":{"line":135,"column":44}},"60":{"start":{"line":136,"column":4},"end":{"line":138,"column":5}},"61":{"start":{"line":137,"column":6},"end":{"line":137,"column":34}},"62":{"start":{"line":141,"column":29},"end":{"line":143,"column":3}},"63":{"start":{"line":142,"column":4},"end":{"line":142,"column":44}},"64":{"start":{"line":145,"column":29},"end":{"line":161,"column":3}},"65":{"start":{"line":146,"column":4},"end":{"line":146,"column":32}},"66":{"start":{"line":146,"column":25},"end":{"line":146,"column":32}},"67":{"start":{"line":148,"column":24},"end":{"line":148,"column":47}},"68":{"start":{"line":149,"column":23},"end":{"line":149,"column":59}},"69":{"start":{"line":150,"column":17},"end":{"line":150,"column":69}},"70":{"start":{"line":151,"column":16},"end":{"line":151,"column":41}},"71":{"start":{"line":153,"column":14},"end":{"line":153,"column":41}},"72":{"start":{"line":154,"column":4},"end":{"line":154,"column":17}},"73":{"start":{"line":155,"column":4},"end":{"line":155,"column":82}},"74":{"start":{"line":156,"column":4},"end":{"line":156,"column":33}},"75":{"start":{"line":157,"column":4},"end":{"line":157,"column":14}},"76":{"start":{"line":159,"column":4},"end":{"line":159,"column":33}},"77":{"start":{"line":160,"column":4},"end":{"line":160,"column":29}},"78":{"start":{"line":163,"column":2},"end":{"line":227,"column":3}}},"fnMap":{"0":{"name":"(anonymous_0)","decl":{"start":{"line":8,"column":22},"end":{"line":8,"column":23}},"loc":{"start":{"line":8,"column":37},"end":{"line":8,"column":60}},"line":8},"1":{"name":"(anonymous_1)","decl":{"start":{"line":9,"column":19},"end":{"line":9,"column":20}},"loc":{"start":{"line":9,"column":34},"end":{"line":9,"column":59}},"line":9},"2":{"name":"(anonymous_2)","decl":{"start":{"line":10,"column":16},"end":{"line":10,"column":17}},"loc":{"start":{"line":10,"column":31},"end":{"line":10,"column":50}},"line":10},"3":{"name":"(anonymous_3)","decl":{"start":{"line":11,"column":13},"end":{"line":11,"column":14}},"loc":{"start":{"line":11,"column":28},"end":{"line":11,"column":42}},"line":11},"4":{"name":"(anonymous_4)","decl":{"start":{"line":19,"column":11},"end":{"line":19,"column":12}},"loc":{"start":{"line":19,"column":26},"end":{"line":19,"column":46}},"line":19},"5":{"name":"(anonymous_5)","decl":{"start":{"line":20,"column":19},"end":{"line":20,"column":20}},"loc":{"start":{"line":20,"column":34},"end":{"line":20,"column":48}},"line":20},"6":{"name":"(anonymous_6)","decl":{"start":{"line":21,"column":15},"end":{"line":21,"column":16}},"loc":{"start":{"line":21,"column":30},"end":{"line":21,"column":51}},"line":21},"7":{"name":"(anonymous_7)","decl":{"start":{"line":27,"column":9},"end":{"line":27,"column":10}},"loc":{"start":{"line":27,"column":24},"end":{"line":27,"column":38}},"line":27},"8":{"name":"(anonymous_8)","decl":{"start":{"line":35,"column":9},"end":{"line":35,"column":10}},"loc":{"start":{"line":35,"column":24},"end":{"line":35,"column":38}},"line":35},"9":{"name":"(anonymous_9)","decl":{"start":{"line":40,"column":17},"end":{"line":40,"column":18}},"loc":{"start":{"line":40,"column":32},"end":{"line":40,"column":46}},"line":40},"10":{"name":"(anonymous_10)","decl":{"start":{"line":41,"column":26},"end":{"line":41,"column":27}},"loc":{"start":{"line":41,"column":41},"end":{"line":41,"column":59}},"line":41},"11":{"name":"(anonymous_11)","decl":{"start":{"line":45,"column":16},"end":{"line":45,"column":17}},"loc":{"start":{"line":45,"column":31},"end":{"line":45,"column":45}},"line":45},"12":{"name":"(anonymous_12)","decl":{"start":{"line":46,"column":26},"end":{"line":46,"column":27}},"loc":{"start":{"line":46,"column":41},"end":{"line":46,"column":59}},"line":46},"13":{"name":"(anonymous_13)","decl":{"start":{"line":47,"column":17},"end":{"line":47,"column":18}},"loc":{"start":{"line":47,"column":32},"end":{"line":47,"column":46}},"line":47},"14":{"name":"(anonymous_14)","decl":{"start":{"line":53,"column":9},"end":{"line":53,"column":10}},"loc":{"start":{"line":53,"column":24},"end":{"line":53,"column":38}},"line":53},"15":{"name":"(anonymous_15)","decl":{"start":{"line":59,"column":9},"end":{"line":59,"column":10}},"loc":{"start":{"line":59,"column":24},"end":{"line":59,"column":38}},"line":59},"16":{"name":"(anonymous_16)","decl":{"start":{"line":63,"column":15},"end":{"line":63,"column":16}},"loc":{"start":{"line":63,"column":30},"end":{"line":63,"column":51}},"line":63},"17":{"name":"(anonymous_17)","decl":{"start":{"line":64,"column":11},"end":{"line":64,"column":12}},"loc":{"start":{"line":64,"column":26},"end":{"line":64,"column":43}},"line":64},"18":{"name":"(anonymous_18)","decl":{"start":{"line":68,"column":13},"end":{"line":68,"column":14}},"loc":{"start":{"line":68,"column":28},"end":{"line":68,"column":42}},"line":68},"19":{"name":"(anonymous_19)","decl":{"start":{"line":68,"column":46},"end":{"line":68,"column":47}},"loc":{"start":{"line":68,"column":61},"end":{"line":68,"column":75}},"line":68},"20":{"name":"(anonymous_20)","decl":{"start":{"line":69,"column":22},"end":{"line":69,"column":23}},"loc":{"start":{"line":69,"column":37},"end":{"line":69,"column":55}},"line":69},"21":{"name":"(anonymous_21)","decl":{"start":{"line":70,"column":19},"end":{"line":70,"column":20}},"loc":{"start":{"line":70,"column":34},"end":{"line":70,"column":58}},"line":70},"22":{"name":"(anonymous_22)","decl":{"start":{"line":72,"column":15},"end":{"line":72,"column":16}},"loc":{"start":{"line":72,"column":30},"end":{"line":72,"column":51}},"line":72},"23":{"name":"(anonymous_23)","decl":{"start":{"line":76,"column":17},"end":{"line":76,"column":18}},"loc":{"start":{"line":76,"column":32},"end":{"line":76,"column":46}},"line":76},"24":{"name":"(anonymous_24)","decl":{"start":{"line":77,"column":15},"end":{"line":77,"column":16}},"loc":{"start":{"line":77,"column":30},"end":{"line":77,"column":51}},"line":77},"25":{"name":"(anonymous_25)","decl":{"start":{"line":78,"column":11},"end":{"line":78,"column":12}},"loc":{"start":{"line":78,"column":26},"end":{"line":78,"column":43}},"line":78},"26":{"name":"(anonymous_26)","decl":{"start":{"line":82,"column":31},"end":{"line":82,"column":32}},"loc":{"start":{"line":82,"column":37},"end":{"line":228,"column":1}},"line":82},"27":{"name":"(anonymous_27)","decl":{"start":{"line":98,"column":29},"end":{"line":98,"column":30}},"loc":{"start":{"line":98,"column":41},"end":{"line":128,"column":3}},"line":98},"28":{"name":"(anonymous_28)","decl":{"start":{"line":130,"column":26},"end":{"line":130,"column":27}},"loc":{"start":{"line":130,"column":32},"end":{"line":132,"column":3}},"line":130},"29":{"name":"(anonymous_29)","decl":{"start":{"line":134,"column":31},"end":{"line":134,"column":32}},"loc":{"start":{"line":134,"column":75},"end":{"line":139,"column":3}},"line":134},"30":{"name":"(anonymous_30)","decl":{"start":{"line":141,"column":29},"end":{"line":141,"column":30}},"loc":{"start":{"line":141,"column":35},"end":{"line":143,"column":3}},"line":141},"31":{"name":"(anonymous_31)","decl":{"start":{"line":145,"column":29},"end":{"line":145,"column":30}},"loc":{"start":{"line":145,"column":35},"end":{"line":161,"column":3}},"line":145}},"branchMap":{"0":{"loc":{"start":{"line":99,"column":4},"end":{"line":102,"column":5}},"type":"if","locations":[{"start":{"line":99,"column":4},"end":{"line":102,"column":5}},{"start":{},"end":{}}],"line":99},"1":{"loc":{"start":{"line":99,"column":8},"end":{"line":99,"column":57}},"type":"binary-expr","locations":[{"start":{"line":99,"column":8},"end":{"line":99,"column":30}},{"start":{"line":99,"column":34},"end":{"line":99,"column":57}}],"line":99},"2":{"loc":{"start":{"line":136,"column":4},"end":{"line":138,"column":5}},"type":"if","locations":[{"start":{"line":136,"column":4},"end":{"line":138,"column":5}},{"start":{},"end":{}}],"line":136},"3":{"loc":{"start":{"line":136,"column":8},"end":{"line":136,"column":34}},"type":"binary-expr","locations":[{"start":{"line":136,"column":8},"end":{"line":136,"column":21}},{"start":{"line":136,"column":25},"end":{"line":136,"column":34}}],"line":136},"4":{"loc":{"start":{"line":146,"column":4},"end":{"line":146,"column":32}},"type":"if","locations":[{"start":{"line":146,"column":4},"end":{"line":146,"column":32}},{"start":{},"end":{}}],"line":146},"5":{"loc":{"start":{"line":167,"column":9},"end":{"line":171,"column":9}},"type":"binary-expr","locations":[{"start":{"line":167,"column":9},"end":{"line":167,"column":23}},{"start":{"line":168,"column":10},"end":{"line":170,"column":16}}],"line":167},"6":{"loc":{"start":{"line":174,"column":57},"end":{"line":174,"column":92}},"type":"binary-expr","locations":[{"start":{"line":174,"column":57},"end":{"line":174,"column":66}},{"start":{"line":174,"column":70},"end":{"line":174,"column":92}}],"line":174},"7":{"loc":{"start":{"line":176,"column":13},"end":{"line":176,"column":73}},"type":"binary-expr","locations":[{"start":{"line":176,"column":13},"end":{"line":176,"column":22}},{"start":{"line":176,"column":26},"end":{"line":176,"column":73}}],"line":176},"8":{"loc":{"start":{"line":197,"column":24},"end":{"line":197,"column":61}},"type":"binary-expr","locations":[{"start":{"line":197,"column":24},"end":{"line":197,"column":35}},{"start":{"line":197,"column":39},"end":{"line":197,"column":61}}],"line":197},"9":{"loc":{"start":{"line":200,"column":15},"end":{"line":200,"column":62}},"type":"cond-expr","locations":[{"start":{"line":200,"column":29},"end":{"line":200,"column":43}},{"start":{"line":200,"column":46},"end":{"line":200,"column":62}}],"line":200},"10":{"loc":{"start":{"line":214,"column":11},"end":{"line":223,"column":11}},"type":"binary-expr","locations":[{"start":{"line":214,"column":11},"end":{"line":214,"column":25}},{"start":{"line":215,"column":12},"end":{"line":222,"column":21}}],"line":214}},"s":{"0":0,"1":0,"2":0,"3":0,"4":0,"5":0,"6":0,"7":0,"8":0,"9":0,"10":0,"11":0,"12":0,"13":0,"14":0,"15":0,"16":0,"17":0,"18":0,"19":0,"20":0,"21":0,"22":0,"23":0,"24":0,"25":0,"26":0,"27":0,"28":0,"29":0,"30":0,"31":0,"32":0,"33":0,"34":0,"35":0,"36":0,"37":0,"38":0,"39":0,"40":0,"41":0,"42":0,"43":0,"44":0,"45":0,"46":0,"47":0,"48":0,"49":0,"50":0,"51":0,"52":0,"53":0,"54":0,"55":0,"56":0,"57":0,"58":0,"59":0,"60":0,"61":0,"62":0,"63":0,"64":0,"65":0,"66":0,"67":0,"68":0,"69":0,"70":0,"71":0,"72":0,"73":0,"74":0,"75":0,"76":0,"77":0,"78":0},"f":{"0":0,"1":0,"2":0,"3":0,"4":0,"5":0,"6":0,"7":0,"8":0,"9":0,"10":0,"11":0,"12":0,"13":0,"14":0,"15":0,"16":0,"17":0,"18":0,"19":0,"20":0,"21":0,"22":0,"23":0,"24":0,"25":0,"26":0,"27":0,"28":0,"29":0,"30":0,"31":0},"b":{"0":[0,0],"1":[0,0],"2":[0,0],"3":[0,0],"4":[0,0],"5":[0,0],"6":[0,0],"7":[0,0],"8":[0,0],"9":[0,0],"10":[0,0]}}
,"/Users/benoitjolly/Documents/siteweb/jitter-editor/src/features/editor/components/project-manager/index.tsx": {"path":"/Users/benoitjolly/Documents/siteweb/jitter-editor/src/features/editor/components/project-manager/index.tsx","statementMap":{"0":{"start":{"line":7,"column":32},"end":{"line":11,"column":1}},"1":{"start":{"line":8,"column":31},"end":{"line":8,"column":45}},"2":{"start":{"line":9,"column":41},"end":{"line":9,"column":59}},"3":{"start":{"line":10,"column":32},"end":{"line":10,"column":46}},"4":{"start":{"line":13,"column":21},"end":{"line":17,"column":1}},"5":{"start":{"line":14,"column":30},"end":{"line":14,"column":52}},"6":{"start":{"line":15,"column":34},"end":{"line":15,"column":48}},"7":{"start":{"line":16,"column":26},"end":{"line":16,"column":46}},"8":{"start":{"line":19,"column":24},"end":{"line":23,"column":1}},"9":{"start":{"line":22,"column":24},"end":{"line":22,"column":38}},"10":{"start":{"line":25,"column":19},"end":{"line":29,"column":1}},"11":{"start":{"line":27,"column":24},"end":{"line":27,"column":38}},"12":{"start":{"line":31,"column":21},"end":{"line":36,"column":1}},"13":{"start":{"line":32,"column":28},"end":{"line":32,"column":42}},"14":{"start":{"line":32,"column":61},"end":{"line":32,"column":75}},"15":{"start":{"line":33,"column":37},"end":{"line":33,"column":55}},"16":{"start":{"line":34,"column":34},"end":{"line":34,"column":58}},"17":{"start":{"line":38,"column":20},"end":{"line":45,"column":1}},"18":{"start":{"line":39,"column":31},"end":{"line":39,"column":45}},"19":{"start":{"line":44,"column":24},"end":{"line":44,"column":38}},"20":{"start":{"line":47,"column":20},"end":{"line":59,"column":1}},"21":{"start":{"line":51,"column":28},"end":{"line":51,"column":42}},"22":{"start":{"line":51,"column":61},"end":{"line":51,"column":75}},"23":{"start":{"line":52,"column":37},"end":{"line":52,"column":55}},"24":{"start":{"line":53,"column":34},"end":{"line":53,"column":58}},"25":{"start":{"line":54,"column":37},"end":{"line":54,"column":60}},"26":{"start":{"line":57,"column":39},"end":{"line":57,"column":57}},"27":{"start":{"line":61,"column":20},"end":{"line":64,"column":1}},"28":{"start":{"line":66,"column":20},"end":{"line":71,"column":1}},"29":{"start":{"line":73,"column":20},"end":{"line":76,"column":1}},"30":{"start":{"line":74,"column":30},"end":{"line":74,"column":51}},"31":{"start":{"line":75,"column":26},"end":{"line":75,"column":43}},"32":{"start":{"line":78,"column":23},"end":{"line":81,"column":1}},"33":{"start":{"line":80,"column":24},"end":{"line":80,"column":38}},"34":{"start":{"line":83,"column":20},"end":{"line":86,"column":1}},"35":{"start":{"line":85,"column":30},"end":{"line":85,"column":51}},"36":{"start":{"line":88,"column":33},"end":{"line":193,"column":1}},"37":{"start":{"line":96,"column":6},"end":{"line":96,"column":17}},"38":{"start":{"line":98,"column":40},"end":{"line":98,"column":52}},"39":{"start":{"line":99,"column":34},"end":{"line":99,"column":57}},"40":{"start":{"line":101,"column":2},"end":{"line":103,"column":9}},"41":{"start":{"line":102,"column":4},"end":{"line":102,"column":22}},"42":{"start":{"line":105,"column":2},"end":{"line":109,"column":23}},"43":{"start":{"line":106,"column":4},"end":{"line":108,"column":5}},"44":{"start":{"line":107,"column":6},"end":{"line":107,"column":42}},"45":{"start":{"line":111,"column":26},"end":{"line":113,"column":3}},"46":{"start":{"line":112,"column":4},"end":{"line":112,"column":34}},"47":{"start":{"line":115,"column":28},"end":{"line":118,"column":3}},"48":{"start":{"line":116,"column":4},"end":{"line":116,"column":29}},"49":{"start":{"line":117,"column":4},"end":{"line":117,"column":22}},"50":{"start":{"line":120,"column":26},"end":{"line":123,"column":3}},"51":{"start":{"line":121,"column":4},"end":{"line":121,"column":47}},"52":{"start":{"line":122,"column":4},"end":{"line":122,"column":22}},"53":{"start":{"line":125,"column":28},"end":{"line":127,"column":3}},"54":{"start":{"line":126,"column":4},"end":{"line":126,"column":27}},"55":{"start":{"line":129,"column":30},"end":{"line":134,"column":3}},"56":{"start":{"line":130,"column":4},"end":{"line":133,"column":5}},"57":{"start":{"line":131,"column":6},"end":{"line":131,"column":31}},"58":{"start":{"line":132,"column":6},"end":{"line":132,"column":24}},"59":{"start":{"line":136,"column":21},"end":{"line":138,"column":3}},"60":{"start":{"line":137,"column":4},"end":{"line":137,"column":113}},"61":{"start":{"line":140,"column":2},"end":{"line":192,"column":4}},"62":{"start":{"line":150,"column":29},"end":{"line":150,"column":59}},"63":{"start":{"line":165,"column":14},"end":{"line":186,"column":28}},"64":{"start":{"line":172,"column":35},"end":{"line":172,"column":64}},"65":{"start":{"line":179,"column":35},"end":{"line":179,"column":66}}},"fnMap":{"0":{"name":"(anonymous_0)","decl":{"start":{"line":8,"column":16},"end":{"line":8,"column":17}},"loc":{"start":{"line":8,"column":31},"end":{"line":8,"column":45}},"line":8},"1":{"name":"(anonymous_1)","decl":{"start":{"line":9,"column":26},"end":{"line":9,"column":27}},"loc":{"start":{"line":9,"column":41},"end":{"line":9,"column":59}},"line":9},"2":{"name":"(anonymous_2)","decl":{"start":{"line":10,"column":17},"end":{"line":10,"column":18}},"loc":{"start":{"line":10,"column":32},"end":{"line":10,"column":46}},"line":10},"3":{"name":"(anonymous_3)","decl":{"start":{"line":14,"column":15},"end":{"line":14,"column":16}},"loc":{"start":{"line":14,"column":30},"end":{"line":14,"column":52}},"line":14},"4":{"name":"(anonymous_4)","decl":{"start":{"line":15,"column":19},"end":{"line":15,"column":20}},"loc":{"start":{"line":15,"column":34},"end":{"line":15,"column":48}},"line":15},"5":{"name":"(anonymous_5)","decl":{"start":{"line":16,"column":11},"end":{"line":16,"column":12}},"loc":{"start":{"line":16,"column":26},"end":{"line":16,"column":46}},"line":16},"6":{"name":"(anonymous_6)","decl":{"start":{"line":22,"column":9},"end":{"line":22,"column":10}},"loc":{"start":{"line":22,"column":24},"end":{"line":22,"column":38}},"line":22},"7":{"name":"(anonymous_7)","decl":{"start":{"line":27,"column":9},"end":{"line":27,"column":10}},"loc":{"start":{"line":27,"column":24},"end":{"line":27,"column":38}},"line":27},"8":{"name":"(anonymous_8)","decl":{"start":{"line":32,"column":13},"end":{"line":32,"column":14}},"loc":{"start":{"line":32,"column":28},"end":{"line":32,"column":42}},"line":32},"9":{"name":"(anonymous_9)","decl":{"start":{"line":32,"column":46},"end":{"line":32,"column":47}},"loc":{"start":{"line":32,"column":61},"end":{"line":32,"column":75}},"line":32},"10":{"name":"(anonymous_10)","decl":{"start":{"line":33,"column":22},"end":{"line":33,"column":23}},"loc":{"start":{"line":33,"column":37},"end":{"line":33,"column":55}},"line":33},"11":{"name":"(anonymous_11)","decl":{"start":{"line":34,"column":19},"end":{"line":34,"column":20}},"loc":{"start":{"line":34,"column":34},"end":{"line":34,"column":58}},"line":34},"12":{"name":"(anonymous_12)","decl":{"start":{"line":39,"column":16},"end":{"line":39,"column":17}},"loc":{"start":{"line":39,"column":31},"end":{"line":39,"column":45}},"line":39},"13":{"name":"(anonymous_13)","decl":{"start":{"line":44,"column":9},"end":{"line":44,"column":10}},"loc":{"start":{"line":44,"column":24},"end":{"line":44,"column":38}},"line":44},"14":{"name":"(anonymous_14)","decl":{"start":{"line":51,"column":13},"end":{"line":51,"column":14}},"loc":{"start":{"line":51,"column":28},"end":{"line":51,"column":42}},"line":51},"15":{"name":"(anonymous_15)","decl":{"start":{"line":51,"column":46},"end":{"line":51,"column":47}},"loc":{"start":{"line":51,"column":61},"end":{"line":51,"column":75}},"line":51},"16":{"name":"(anonymous_16)","decl":{"start":{"line":52,"column":22},"end":{"line":52,"column":23}},"loc":{"start":{"line":52,"column":37},"end":{"line":52,"column":55}},"line":52},"17":{"name":"(anonymous_17)","decl":{"start":{"line":53,"column":19},"end":{"line":53,"column":20}},"loc":{"start":{"line":53,"column":34},"end":{"line":53,"column":58}},"line":53},"18":{"name":"(anonymous_18)","decl":{"start":{"line":54,"column":22},"end":{"line":54,"column":23}},"loc":{"start":{"line":54,"column":37},"end":{"line":54,"column":60}},"line":54},"19":{"name":"(anonymous_19)","decl":{"start":{"line":57,"column":24},"end":{"line":57,"column":25}},"loc":{"start":{"line":57,"column":39},"end":{"line":57,"column":57}},"line":57},"20":{"name":"(anonymous_20)","decl":{"start":{"line":74,"column":15},"end":{"line":74,"column":16}},"loc":{"start":{"line":74,"column":30},"end":{"line":74,"column":51}},"line":74},"21":{"name":"(anonymous_21)","decl":{"start":{"line":75,"column":11},"end":{"line":75,"column":12}},"loc":{"start":{"line":75,"column":26},"end":{"line":75,"column":43}},"line":75},"22":{"name":"(anonymous_22)","decl":{"start":{"line":80,"column":9},"end":{"line":80,"column":10}},"loc":{"start":{"line":80,"column":24},"end":{"line":80,"column":38}},"line":80},"23":{"name":"(anonymous_23)","decl":{"start":{"line":85,"column":15},"end":{"line":85,"column":16}},"loc":{"start":{"line":85,"column":30},"end":{"line":85,"column":51}},"line":85},"24":{"name":"(anonymous_24)","decl":{"start":{"line":88,"column":33},"end":{"line":88,"column":34}},"loc":{"start":{"line":88,"column":39},"end":{"line":193,"column":1}},"line":88},"25":{"name":"(anonymous_25)","decl":{"start":{"line":101,"column":12},"end":{"line":101,"column":13}},"loc":{"start":{"line":101,"column":18},"end":{"line":103,"column":3}},"line":101},"26":{"name":"(anonymous_26)","decl":{"start":{"line":105,"column":12},"end":{"line":105,"column":13}},"loc":{"start":{"line":105,"column":18},"end":{"line":109,"column":3}},"line":105},"27":{"name":"(anonymous_27)","decl":{"start":{"line":111,"column":26},"end":{"line":111,"column":27}},"loc":{"start":{"line":111,"column":32},"end":{"line":113,"column":3}},"line":111},"28":{"name":"(anonymous_28)","decl":{"start":{"line":115,"column":28},"end":{"line":115,"column":29}},"loc":{"start":{"line":115,"column":34},"end":{"line":118,"column":3}},"line":115},"29":{"name":"(anonymous_29)","decl":{"start":{"line":120,"column":26},"end":{"line":120,"column":27}},"loc":{"start":{"line":120,"column":32},"end":{"line":123,"column":3}},"line":120},"30":{"name":"(anonymous_30)","decl":{"start":{"line":125,"column":28},"end":{"line":125,"column":29}},"loc":{"start":{"line":125,"column":51},"end":{"line":127,"column":3}},"line":125},"31":{"name":"(anonymous_31)","decl":{"start":{"line":129,"column":30},"end":{"line":129,"column":31}},"loc":{"start":{"line":129,"column":53},"end":{"line":134,"column":3}},"line":129},"32":{"name":"(anonymous_32)","decl":{"start":{"line":136,"column":21},"end":{"line":136,"column":22}},"loc":{"start":{"line":136,"column":37},"end":{"line":138,"column":3}},"line":136},"33":{"name":"(anonymous_33)","decl":{"start":{"line":150,"column":22},"end":{"line":150,"column":23}},"loc":{"start":{"line":150,"column":29},"end":{"line":150,"column":59}},"line":150},"34":{"name":"(anonymous_34)","decl":{"start":{"line":164,"column":25},"end":{"line":164,"column":26}},"loc":{"start":{"line":165,"column":14},"end":{"line":186,"column":28}},"line":165},"35":{"name":"(anonymous_35)","decl":{"start":{"line":172,"column":29},"end":{"line":172,"column":30}},"loc":{"start":{"line":172,"column":35},"end":{"line":172,"column":64}},"line":172},"36":{"name":"(anonymous_36)","decl":{"start":{"line":179,"column":29},"end":{"line":179,"column":30}},"loc":{"start":{"line":179,"column":35},"end":{"line":179,"column":66}},"line":179}},"branchMap":{"0":{"loc":{"start":{"line":106,"column":4},"end":{"line":108,"column":5}},"type":"if","locations":[{"start":{"line":106,"column":4},"end":{"line":108,"column":5}},{"start":{},"end":{}}],"line":106},"1":{"loc":{"start":{"line":121,"column":21},"end":{"line":121,"column":45}},"type":"binary-expr","locations":[{"start":{"line":121,"column":21},"end":{"line":121,"column":32}},{"start":{"line":121,"column":36},"end":{"line":121,"column":45}}],"line":121},"2":{"loc":{"start":{"line":130,"column":4},"end":{"line":133,"column":5}},"type":"if","locations":[{"start":{"line":130,"column":4},"end":{"line":133,"column":5}},{"start":{},"end":{}}],"line":130},"3":{"loc":{"start":{"line":161,"column":11},"end":{"line":188,"column":11}},"type":"cond-expr","locations":[{"start":{"line":162,"column":12},"end":{"line":162,"column":40}},{"start":{"line":164,"column":12},"end":{"line":187,"column":14}}],"line":161}},"s":{"0":0,"1":0,"2":0,"3":0,"4":0,"5":0,"6":0,"7":0,"8":0,"9":0,"10":0,"11":0,"12":0,"13":0,"14":0,"15":0,"16":0,"17":0,"18":0,"19":0,"20":0,"21":0,"22":0,"23":0,"24":0,"25":0,"26":0,"27":0,"28":0,"29":0,"30":0,"31":0,"32":0,"33":0,"34":0,"35":0,"36":0,"37":0,"38":0,"39":0,"40":0,"41":0,"42":0,"43":0,"44":0,"45":0,"46":0,"47":0,"48":0,"49":0,"50":0,"51":0,"52":0,"53":0,"54":0,"55":0,"56":0,"57":0,"58":0,"59":0,"60":0,"61":0,"62":0,"63":0,"64":0,"65":0},"f":{"0":0,"1":0,"2":0,"3":0,"4":0,"5":0,"6":0,"7":0,"8":0,"9":0,"10":0,"11":0,"12":0,"13":0,"14":0,"15":0,"16":0,"17":0,"18":0,"19":0,"20":0,"21":0,"22":0,"23":0,"24":0,"25":0,"26":0,"27":0,"28":0,"29":0,"30":0,"31":0,"32":0,"33":0,"34":0,"35":0,"36":0},"b":{"0":[0,0],"1":[0,0],"2":[0,0],"3":[0,0]}}
,"/Users/benoitjolly/Documents/siteweb/jitter-editor/src/features/editor/components/shapes/Rectangle.ts": {"path":"/Users/benoitjolly/Documents/siteweb/jitter-editor/src/features/editor/components/shapes/Rectangle.ts","statementMap":{"0":{"start":{"line":24,"column":17},"end":{"line":24,"column":28}},"1":{"start":{"line":33,"column":4},"end":{"line":33,"column":63}},"2":{"start":{"line":34,"column":4},"end":{"line":34,"column":15}},"3":{"start":{"line":35,"column":4},"end":{"line":35,"column":15}},"4":{"start":{"line":36,"column":4},"end":{"line":36,"column":23}},"5":{"start":{"line":37,"column":4},"end":{"line":37,"column":25}},"6":{"start":{"line":38,"column":4},"end":{"line":38,"column":23}},"7":{"start":{"line":39,"column":4},"end":{"line":39,"column":29}},"8":{"start":{"line":43,"column":4},"end":{"line":43,"column":15}},"9":{"start":{"line":44,"column":4},"end":{"line":44,"column":31}},"10":{"start":{"line":46,"column":4},"end":{"line":52,"column":5}},"11":{"start":{"line":47,"column":6},"end":{"line":47,"column":71}},"12":{"start":{"line":48,"column":6},"end":{"line":48,"column":48}},"13":{"start":{"line":49,"column":6},"end":{"line":49,"column":79}},"14":{"start":{"line":51,"column":6},"end":{"line":51,"column":60}},"15":{"start":{"line":54,"column":4},"end":{"line":54,"column":18}}},"fnMap":{"0":{"name":"(anonymous_0)","decl":{"start":{"line":32,"column":2},"end":{"line":32,"column":3}},"loc":{"start":{"line":32,"column":80},"end":{"line":40,"column":3}},"line":32},"1":{"name":"(anonymous_1)","decl":{"start":{"line":42,"column":2},"end":{"line":42,"column":3}},"loc":{"start":{"line":42,"column":44},"end":{"line":55,"column":3}},"line":42}},"branchMap":{"0":{"loc":{"start":{"line":32,"column":48},"end":{"line":32,"column":60}},"type":"default-arg","locations":[{"start":{"line":32,"column":59},"end":{"line":32,"column":60}}],"line":32},"1":{"loc":{"start":{"line":33,"column":14},"end":{"line":33,"column":62}},"type":"binary-expr","locations":[{"start":{"line":33,"column":14},"end":{"line":33,"column":16}},{"start":{"line":33,"column":20},"end":{"line":33,"column":62}}],"line":33},"2":{"loc":{"start":{"line":46,"column":4},"end":{"line":52,"column":5}},"type":"if","locations":[{"start":{"line":46,"column":4},"end":{"line":52,"column":5}},{"start":{"line":50,"column":11},"end":{"line":52,"column":5}}],"line":46}},"s":{"0":0,"1":0,"2":0,"3":0,"4":0,"5":0,"6":0,"7":0,"8":0,"9":0,"10":0,"11":0,"12":0,"13":0,"14":0,"15":0},"f":{"0":0,"1":0},"b":{"0":[0],"1":[0,0],"2":[0,0]},"_coverageSchema":"1a1c01bbd47fc00a2c39e90264f33305004495a9","hash":"8363683d3d72251009009664d692a02a00b62b52"}
,"/Users/benoitjolly/Documents/siteweb/jitter-editor/src/features/editor/components/shapes/ShapeFactory.ts": {"path":"/Users/benoitjolly/Documents/siteweb/jitter-editor/src/features/editor/components/shapes/ShapeFactory.ts","statementMap":{"0":{"start":{"line":9,"column":4},"end":{"line":20,"column":5}},"1":{"start":{"line":10,"column":29},"end":{"line":10,"column":52}},"2":{"start":{"line":11,"column":6},"end":{"line":19,"column":9}},"3":{"start":{"line":22,"column":4},"end":{"line":22,"column":57}},"4":{"start":{"line":26,"column":4},"end":{"line":29,"column":7}},"5":{"start":{"line":33,"column":37},"end":{"line":55,"column":1}},"6":{"start":{"line":39,"column":18},"end":{"line":39,"column":20}},"7":{"start":{"line":40,"column":19},"end":{"line":40,"column":49}},"8":{"start":{"line":41,"column":20},"end":{"line":41,"column":51}},"9":{"start":{"line":43,"column":25},"end":{"line":43,"column":56}},"10":{"start":{"line":45,"column":32},"end":{"line":52,"column":3}},"11":{"start":{"line":54,"column":2},"end":{"line":54,"column":30}},"12":{"start":{"line":57,"column":30},"end":{"line":64,"column":1}},"13":{"start":{"line":58,"column":18},"end":{"line":58,"column":36}},"14":{"start":{"line":59,"column":14},"end":{"line":59,"column":17}},"15":{"start":{"line":60,"column":2},"end":{"line":62,"column":3}},"16":{"start":{"line":60,"column":15},"end":{"line":60,"column":16}},"17":{"start":{"line":61,"column":4},"end":{"line":61,"column":53}},"18":{"start":{"line":63,"column":2},"end":{"line":63,"column":15}}},"fnMap":{"0":{"name":"(anonymous_0)","decl":{"start":{"line":8,"column":2},"end":{"line":8,"column":3}},"loc":{"start":{"line":8,"column":42},"end":{"line":23,"column":3}},"line":8},"1":{"name":"(anonymous_1)","decl":{"start":{"line":25,"column":2},"end":{"line":25,"column":3}},"loc":{"start":{"line":25,"column":67},"end":{"line":30,"column":3}},"line":25},"2":{"name":"(anonymous_2)","decl":{"start":{"line":33,"column":37},"end":{"line":33,"column":38}},"loc":{"start":{"line":38,"column":16},"end":{"line":55,"column":1}},"line":38},"3":{"name":"(anonymous_3)","decl":{"start":{"line":57,"column":30},"end":{"line":57,"column":31}},"loc":{"start":{"line":57,"column":44},"end":{"line":64,"column":1}},"line":57}},"branchMap":{"0":{"loc":{"start":{"line":9,"column":4},"end":{"line":20,"column":5}},"type":"if","locations":[{"start":{"line":9,"column":4},"end":{"line":20,"column":5}},{"start":{},"end":{}}],"line":9},"1":{"loc":{"start":{"line":36,"column":2},"end":{"line":36,"column":21}},"type":"default-arg","locations":[{"start":{"line":36,"column":20},"end":{"line":36,"column":21}}],"line":36},"2":{"loc":{"start":{"line":37,"column":2},"end":{"line":37,"column":21}},"type":"default-arg","locations":[{"start":{"line":37,"column":20},"end":{"line":37,"column":21}}],"line":37}},"s":{"0":0,"1":0,"2":0,"3":0,"4":0,"5":3,"6":0,"7":0,"8":0,"9":0,"10":0,"11":0,"12":3,"13":0,"14":0,"15":0,"16":0,"17":0,"18":0},"f":{"0":0,"1":0,"2":0,"3":0},"b":{"0":[0,0],"1":[0],"2":[0]},"_coverageSchema":"1a1c01bbd47fc00a2c39e90264f33305004495a9","hash":"889419a793ffe88d6a16b35fb5da1750aa320240"}
,"/Users/benoitjolly/Documents/siteweb/jitter-editor/src/features/editor/context/ShapesContext.tsx": {"path":"/Users/benoitjolly/Documents/siteweb/jitter-editor/src/features/editor/context/ShapesContext.tsx","statementMap":{"0":{"start":{"line":42,"column":21},"end":{"line":42,"column":22}},"1":{"start":{"line":43,"column":17},"end":{"line":43,"column":20}},"2":{"start":{"line":44,"column":17},"end":{"line":44,"column":18}},"3":{"start":{"line":46,"column":22},"end":{"line":46,"column":77}},"4":{"start":{"line":48,"column":25},"end":{"line":54,"column":1}},"5":{"start":{"line":49,"column":18},"end":{"line":49,"column":43}},"6":{"start":{"line":50,"column":2},"end":{"line":52,"column":3}},"7":{"start":{"line":51,"column":4},"end":{"line":51,"column":70}},"8":{"start":{"line":53,"column":2},"end":{"line":53,"column":17}},"9":{"start":{"line":60,"column":61},"end":{"line":256,"column":1}},"10":{"start":{"line":61,"column":30},"end":{"line":61,"column":51}},"11":{"start":{"line":62,"column":38},"end":{"line":62,"column":83}},"12":{"start":{"line":63,"column":28},"end":{"line":63,"column":71}},"13":{"start":{"line":64,"column":26},"end":{"line":64,"column":38}},"14":{"start":{"line":65,"column":40},"end":{"line":65,"column":55}},"15":{"start":{"line":66,"column":23},"end":{"line":66,"column":50}},"16":{"start":{"line":67,"column":46},"end":{"line":67,"column":76}},"17":{"start":{"line":68,"column":52},"end":{"line":68,"column":71}},"18":{"start":{"line":69,"column":34},"end":{"line":73,"column":4}},"19":{"start":{"line":75,"column":2},"end":{"line":86,"column":9}},"20":{"start":{"line":76,"column":25},"end":{"line":76,"column":59}},"21":{"start":{"line":77,"column":4},"end":{"line":85,"column":5}},"22":{"start":{"line":78,"column":6},"end":{"line":78,"column":38}},"23":{"start":{"line":79,"column":6},"end":{"line":79,"column":37}},"24":{"start":{"line":80,"column":6},"end":{"line":80,"column":41}},"25":{"start":{"line":81,"column":6},"end":{"line":81,"column":59}},"26":{"start":{"line":83,"column":25},"end":{"line":83,"column":58}},"27":{"start":{"line":84,"column":6},"end":{"line":84,"column":36}},"28":{"start":{"line":88,"column":19},"end":{"line":90,"column":3}},"29":{"start":{"line":89,"column":4},"end":{"line":89,"column":54}},"30":{"start":{"line":89,"column":30},"end":{"line":89,"column":52}},"31":{"start":{"line":92,"column":22},"end":{"line":100,"column":3}},"32":{"start":{"line":93,"column":4},"end":{"line":99,"column":6}},"33":{"start":{"line":94,"column":6},"end":{"line":98,"column":7}},"34":{"start":{"line":95,"column":8},"end":{"line":97,"column":17}},"35":{"start":{"line":102,"column":22},"end":{"line":104,"column":3}},"36":{"start":{"line":103,"column":4},"end":{"line":103,"column":18}},"37":{"start":{"line":106,"column":27},"end":{"line":111,"column":3}},"38":{"start":{"line":107,"column":4},"end":{"line":109,"column":5}},"39":{"start":{"line":108,"column":6},"end":{"line":108,"column":13}},"40":{"start":{"line":110,"column":4},"end":{"line":110,"column":24}},"41":{"start":{"line":113,"column":18},"end":{"line":116,"column":3}},"42":{"start":{"line":114,"column":20},"end":{"line":114,"column":64}},"43":{"start":{"line":115,"column":4},"end":{"line":115,"column":54}},"44":{"start":{"line":115,"column":25},"end":{"line":115,"column":51}},"45":{"start":{"line":118,"column":17},"end":{"line":120,"column":3}},"46":{"start":{"line":119,"column":4},"end":{"line":119,"column":57}},"47":{"start":{"line":119,"column":25},"end":{"line":119,"column":54}},"48":{"start":{"line":122,"column":20},"end":{"line":124,"column":3}},"49":{"start":{"line":123,"column":4},"end":{"line":123,"column":58}},"50":{"start":{"line":126,"column":24},"end":{"line":157,"column":3}},"51":{"start":{"line":127,"column":4},"end":{"line":127,"column":51}},"52":{"start":{"line":127,"column":44},"end":{"line":127,"column":51}},"53":{"start":{"line":129,"column":4},"end":{"line":129,"column":25}},"54":{"start":{"line":131,"column":29},"end":{"line":131,"column":64}},"55":{"start":{"line":131,"column":49},"end":{"line":131,"column":63}},"56":{"start":{"line":132,"column":22},"end":{"line":132,"column":39}},"57":{"start":{"line":134,"column":20},"end":{"line":154,"column":5}},"58":{"start":{"line":135,"column":26},"end":{"line":135,"column":49}},"59":{"start":{"line":136,"column":23},"end":{"line":136,"column":60}},"60":{"start":{"line":138,"column":6},"end":{"line":142,"column":9}},"61":{"start":{"line":139,"column":32},"end":{"line":139,"column":55}},"62":{"start":{"line":140,"column":28},"end":{"line":140,"column":60}},"63":{"start":{"line":141,"column":8},"end":{"line":141,"column":57}},"64":{"start":{"line":144,"column":6},"end":{"line":153,"column":7}},"65":{"start":{"line":145,"column":8},"end":{"line":145,"column":62}},"66":{"start":{"line":147,"column":8},"end":{"line":150,"column":11}},"67":{"start":{"line":148,"column":34},"end":{"line":148,"column":57}},"68":{"start":{"line":149,"column":10},"end":{"line":149,"column":69}},"69":{"start":{"line":151,"column":8},"end":{"line":151,"column":30}},"70":{"start":{"line":152,"column":8},"end":{"line":152,"column":36}},"71":{"start":{"line":156,"column":4},"end":{"line":156,"column":58}},"72":{"start":{"line":159,"column":22},"end":{"line":171,"column":3}},"73":{"start":{"line":160,"column":4},"end":{"line":160,"column":32}},"74":{"start":{"line":160,"column":25},"end":{"line":160,"column":32}},"75":{"start":{"line":162,"column":4},"end":{"line":164,"column":5}},"76":{"start":{"line":163,"column":6},"end":{"line":163,"column":40}},"77":{"start":{"line":166,"column":4},"end":{"line":166,"column":35}},"78":{"start":{"line":167,"column":4},"end":{"line":167,"column":39}},"79":{"start":{"line":168,"column":4},"end":{"line":168,"column":57}},"80":{"start":{"line":170,"column":4},"end":{"line":170,"column":47}},"81":{"start":{"line":173,"column":22},"end":{"line":183,"column":3}},"82":{"start":{"line":174,"column":20},"end":{"line":174,"column":60}},"83":{"start":{"line":175,"column":4},"end":{"line":182,"column":5}},"84":{"start":{"line":176,"column":6},"end":{"line":176,"column":33}},"85":{"start":{"line":177,"column":6},"end":{"line":177,"column":32}},"86":{"start":{"line":178,"column":6},"end":{"line":178,"column":36}},"87":{"start":{"line":179,"column":6},"end":{"line":179,"column":54}},"88":{"start":{"line":181,"column":6},"end":{"line":181,"column":48}},"89":{"start":{"line":185,"column":27},"end":{"line":190,"column":3}},"90":{"start":{"line":186,"column":23},"end":{"line":186,"column":60}},"91":{"start":{"line":187,"column":4},"end":{"line":187,"column":34}},"92":{"start":{"line":188,"column":4},"end":{"line":188,"column":18}},"93":{"start":{"line":189,"column":4},"end":{"line":189,"column":16}},"94":{"start":{"line":192,"column":25},"end":{"line":195,"column":3}},"95":{"start":{"line":193,"column":25},"end":{"line":193,"column":56}},"96":{"start":{"line":194,"column":4},"end":{"line":194,"column":55}},"97":{"start":{"line":194,"column":36},"end":{"line":194,"column":53}},"98":{"start":{"line":197,"column":24},"end":{"line":203,"column":3}},"99":{"start":{"line":198,"column":4},"end":{"line":198,"column":44}},"100":{"start":{"line":200,"column":4},"end":{"line":202,"column":5}},"101":{"start":{"line":201,"column":6},"end":{"line":201,"column":25}},"102":{"start":{"line":205,"column":2},"end":{"line":211,"column":9}},"103":{"start":{"line":206,"column":4},"end":{"line":210,"column":6}},"104":{"start":{"line":207,"column":6},"end":{"line":209,"column":7}},"105":{"start":{"line":208,"column":8},"end":{"line":208,"column":51}},"106":{"start":{"line":213,"column":2},"end":{"line":228,"column":19}},"107":{"start":{"line":214,"column":4},"end":{"line":218,"column":5}},"108":{"start":{"line":215,"column":6},"end":{"line":215,"column":38}},"109":{"start":{"line":216,"column":6},"end":{"line":216,"column":45}},"110":{"start":{"line":217,"column":6},"end":{"line":217,"column":13}},"111":{"start":{"line":220,"column":21},"end":{"line":220,"column":46}},"112":{"start":{"line":222,"column":4},"end":{"line":225,"column":5}},"113":{"start":{"line":223,"column":6},"end":{"line":223,"column":45}},"114":{"start":{"line":224,"column":6},"end":{"line":224,"column":13}},"115":{"start":{"line":227,"column":4},"end":{"line":227,"column":43}},"116":{"start":{"line":230,"column":2},"end":{"line":255,"column":4}}},"fnMap":{"0":{"name":"(anonymous_0)","decl":{"start":{"line":48,"column":25},"end":{"line":48,"column":26}},"loc":{"start":{"line":48,"column":50},"end":{"line":54,"column":1}},"line":48},"1":{"name":"(anonymous_1)","decl":{"start":{"line":60,"column":61},"end":{"line":60,"column":62}},"loc":{"start":{"line":60,"column":79},"end":{"line":256,"column":1}},"line":60},"2":{"name":"(anonymous_2)","decl":{"start":{"line":75,"column":12},"end":{"line":75,"column":13}},"loc":{"start":{"line":75,"column":18},"end":{"line":86,"column":3}},"line":75},"3":{"name":"(anonymous_3)","decl":{"start":{"line":88,"column":19},"end":{"line":88,"column":20}},"loc":{"start":{"line":88,"column":37},"end":{"line":90,"column":3}},"line":88},"4":{"name":"(anonymous_4)","decl":{"start":{"line":89,"column":14},"end":{"line":89,"column":15}},"loc":{"start":{"line":89,"column":30},"end":{"line":89,"column":52}},"line":89},"5":{"name":"(anonymous_5)","decl":{"start":{"line":92,"column":22},"end":{"line":92,"column":23}},"loc":{"start":{"line":92,"column":63},"end":{"line":100,"column":3}},"line":92},"6":{"name":"(anonymous_6)","decl":{"start":{"line":93,"column":14},"end":{"line":93,"column":15}},"loc":{"start":{"line":94,"column":6},"end":{"line":98,"column":7}},"line":94},"7":{"name":"(anonymous_7)","decl":{"start":{"line":94,"column":21},"end":{"line":94,"column":22}},"loc":{"start":{"line":95,"column":8},"end":{"line":97,"column":17}},"line":95},"8":{"name":"(anonymous_8)","decl":{"start":{"line":102,"column":22},"end":{"line":102,"column":23}},"loc":{"start":{"line":102,"column":28},"end":{"line":104,"column":3}},"line":102},"9":{"name":"(anonymous_9)","decl":{"start":{"line":106,"column":27},"end":{"line":106,"column":28}},"loc":{"start":{"line":106,"column":49},"end":{"line":111,"column":3}},"line":106},"10":{"name":"(anonymous_10)","decl":{"start":{"line":113,"column":18},"end":{"line":113,"column":19}},"loc":{"start":{"line":113,"column":36},"end":{"line":116,"column":3}},"line":113},"11":{"name":"(anonymous_11)","decl":{"start":{"line":115,"column":16},"end":{"line":115,"column":17}},"loc":{"start":{"line":115,"column":25},"end":{"line":115,"column":51}},"line":115},"12":{"name":"(anonymous_12)","decl":{"start":{"line":118,"column":17},"end":{"line":118,"column":18}},"loc":{"start":{"line":118,"column":43},"end":{"line":120,"column":3}},"line":118},"13":{"name":"(anonymous_13)","decl":{"start":{"line":119,"column":16},"end":{"line":119,"column":17}},"loc":{"start":{"line":119,"column":25},"end":{"line":119,"column":54}},"line":119},"14":{"name":"(anonymous_14)","decl":{"start":{"line":122,"column":20},"end":{"line":122,"column":21}},"loc":{"start":{"line":122,"column":26},"end":{"line":124,"column":3}},"line":122},"15":{"name":"(anonymous_15)","decl":{"start":{"line":126,"column":24},"end":{"line":126,"column":25}},"loc":{"start":{"line":126,"column":48},"end":{"line":157,"column":3}},"line":126},"16":{"name":"(anonymous_16)","decl":{"start":{"line":131,"column":40},"end":{"line":131,"column":41}},"loc":{"start":{"line":131,"column":49},"end":{"
[...]
umn":29},"end":{"line":3,"column":53}},"1":{"start":{"line":4,"column":28},"end":{"line":4,"column":59}},"2":{"start":{"line":8,"column":4},"end":{"line":8,"column":35}},"3":{"start":{"line":10,"column":21},"end":{"line":10,"column":42}},"4":{"start":{"line":12,"column":26},"end":{"line":12,"column":70}},"5":{"start":{"line":12,"column":50},"end":{"line":12,"column":69}},"6":{"start":{"line":13,"column":4},"end":{"line":17,"column":5}},"7":{"start":{"line":14,"column":6},"end":{"line":14,"column":49}},"8":{"start":{"line":16,"column":6},"end":{"line":16,"column":38}},"9":{"start":{"line":19,"column":4},"end":{"line":19,"column":73}},"10":{"start":{"line":21,"column":4},"end":{"line":21,"column":36}},"11":{"start":{"line":25,"column":25},"end":{"line":25,"column":67}},"12":{"start":{"line":26,"column":4},"end":{"line":26,"column":33}},"13":{"start":{"line":26,"column":23},"end":{"line":26,"column":33}},"14":{"start":{"line":28,"column":4},"end":{"line":33,"column":5}},"15":{"start":{"line":29,"column":6},"end":{"line":29,"column":38}},"16":{"start":{"line":31,"column":6},"end":{"line":31,"column":61}},"17":{"start":{"line":32,"column":6},"end":{"line":32,"column":16}},"18":{"start":{"line":37,"column":21},"end":{"line":37,"column":42}},"19":{"start":{"line":38,"column":24},"end":{"line":38,"column":55}},"20":{"start":{"line":38,"column":43},"end":{"line":38,"column":54}},"21":{"start":{"line":40,"column":4},"end":{"line":40,"column":34}},"22":{"start":{"line":40,"column":22},"end":{"line":40,"column":34}},"23":{"start":{"line":42,"column":4},"end":{"line":42,"column":36}},"24":{"start":{"line":46,"column":19},"end":{"line":46,"column":40}},"25":{"start":{"line":47,"column":4},"end":{"line":47,"column":49}},"26":{"start":{"line":47,"column":36},"end":{"line":47,"column":47}},"27":{"start":{"line":49,"column":4},"end":{"line":49,"column":73}},"28":{"start":{"line":51,"column":27},"end":{"line":51,"column":51}},"29":{"start":{"line":52,"column":4},"end":{"line":54,"column":5}},"30":{"start":{"line":53,"column":6},"end":{"line":53,"column":51}},"31":{"start":{"line":58,"column":31},"end":{"line":58,"column":72}},"32":{"start":{"line":59,"column":4},"end":{"line":59,"column":41}},"33":{"start":{"line":59,"column":29},"end":{"line":59,"column":41}},"34":{"start":{"line":61,"column":4},"end":{"line":66,"column":5}},"35":{"start":{"line":62,"column":6},"end":{"line":62,"column":50}},"36":{"start":{"line":64,"column":6},"end":{"line":64,"column":62}},"37":{"start":{"line":65,"column":6},"end":{"line":65,"column":18}},"38":{"start":{"line":70,"column":4},"end":{"line":70,"column":80}},"39":{"start":{"line":74,"column":4},"end":{"line":74,"column":33}}},"fnMap":{"0":{"name":"(anonymous_0)","decl":{"start":{"line":7,"column":2},"end":{"line":7,"column":3}},"loc":{"start":{"line":7,"column":45},"end":{"line":22,"column":3}},"line":7},"1":{"name":"(anonymous_1)","decl":{"start":{"line":12,"column":45},"end":{"line":12,"column":46}},"loc":{"start":{"line":12,"column":50},"end":{"line":12,"column":69}},"line":12},"2":{"name":"(anonymous_2)","decl":{"start":{"line":24,"column":2},"end":{"line":24,"column":3}},"loc":{"start":{"line":24,"column":41},"end":{"line":34,"column":3}},"line":24},"3":{"name":"(anonymous_3)","decl":{"start":{"line":36,"column":2},"end":{"line":36,"column":3}},"loc":{"start":{"line":36,"column":52},"end":{"line":43,"column":3}},"line":36},"4":{"name":"(anonymous_4)","decl":{"start":{"line":38,"column":38},"end":{"line":38,"column":39}},"loc":{"start":{"line":38,"column":43},"end":{"line":38,"column":54}},"line":38},"5":{"name":"(anonymous_5)","decl":{"start":{"line":45,"column":2},"end":{"line":45,"column":3}},"loc":{"start":{"line":45,"column":41},"end":{"line":55,"column":3}},"line":45},"6":{"name":"(anonymous_6)","decl":{"start":{"line":47,"column":31},"end":{"line":47,"column":32}},"loc":{"start":{"line":47,"column":36},"end":{"line":47,"column":47}},"line":47},"7":{"name":"(anonymous_7)","decl":{"start":{"line":57,"column":2},"end":{"line":57,"column":3}},"loc":{"start":{"line":57,"column":45},"end":{"line":67,"column":3}},"line":57},"8":{"name":"(anonymous_8)","decl":{"start":{"line":69,"column":2},"end":{"line":69,"column":3}},"loc":{"start":{"line":69,"column":51},"end":{"line":71,"column":3}},"line":69},"9":{"name":"(anonymous_9)","decl":{"start":{"line":73,"column":2},"end":{"line":73,"column":3}},"loc":{"start":{"line":73,"column":70},"end":{"line":75,"column":3}},"line":73}},"branchMap":{"0":{"loc":{"start":{"line":13,"column":4},"end":{"line":17,"column":5}},"type":"if","locations":[{"start":{"line":13,"column":4},"end":{"line":17,"column":5}},{"start":{"line":15,"column":11},"end":{"line":17,"column":5}}],"line":13},"1":{"loc":{"start":{"line":26,"column":4},"end":{"line":26,"column":33}},"type":"if","locations":[{"start":{"line":26,"column":4},"end":{"line":26,"column":33}},{"start":{},"end":{}}],"line":26},"2":{"loc":{"start":{"line":40,"column":4},"end":{"line":40,"column":34}},"type":"if","locations":[{"start":{"line":40,"column":4},"end":{"line":40,"column":34}},{"start":{},"end":{}}],"line":40},"3":{"loc":{"start":{"line":52,"column":4},"end":{"line":54,"column":5}},"type":"if","locations":[{"start":{"line":52,"column":4},"end":{"line":54,"column":5}},{"start":{},"end":{}}],"line":52},"4":{"loc":{"start":{"line":52,"column":8},"end":{"line":52,"column":50}},"type":"binary-expr","locations":[{"start":{"line":52,"column":8},"end":{"line":52,"column":22}},{"start":{"line":52,"column":26},"end":{"line":52,"column":50}}],"line":52},"5":{"loc":{"start":{"line":59,"column":4},"end":{"line":59,"column":41}},"type":"if","locations":[{"start":{"line":59,"column":4},"end":{"line":59,"column":41}},{"start":{},"end":{}}],"line":59},"6":{"loc":{"start":{"line":73,"column":26},"end":{"line":73,"column":59}},"type":"default-arg","locations":[{"start":{"line":73,"column":41},"end":{"line":73,"column":59}}],"line":73}},"s":{"0":3,"1":3,"2":1,"3":1,"4":1,"5":0,"6":1,"7":0,"8":1,"9":1,"10":1,"11":0,"12":0,"13":0,"14":0,"15":0,"16":0,"17":0,"18":2,"19":2,"20":1,"21":2,"22":1,"23":1,"24":1,"25":1,"26":2,"27":1,"28":1,"29":1,"30":0,"31":2,"32":2,"33":2,"34":0,"35":0,"36":0,"37":0,"38":1,"39":3},"f":{"0":1,"1":0,"2":0,"3":2,"4":1,"5":1,"6":2,"7":2,"8":1,"9":3},"b":{"0":[0,1],"1":[0,0],"2":[1,1],"3":[0,1],"4":[1,0],"5":[2,0],"6":[2]},"_coverageSchema":"1a1c01bbd47fc00a2c39e90264f33305004495a9","hash":"940e82b18739b286bf94eb8a68b51800d54ebc4d"}
,"/Users/benoitjolly/Documents/siteweb/jitter-editor/src/layouts/MainLayout/MainLayout.tsx": {"path":"/Users/benoitjolly/Documents/siteweb/jitter-editor/src/layouts/MainLayout/MainLayout.tsx","statementMap":{"0":{"start":{"line":11,"column":24},"end":{"line":17,"column":1}},"1":{"start":{"line":19,"column":13},"end":{"line":32,"column":1}},"2":{"start":{"line":23,"column":24},"end":{"line":23,"column":38}},"3":{"start":{"line":24,"column":28},"end":{"line":24,"column":42}},"4":{"start":{"line":25,"column":37},"end":{"line":25,"column":55}},"5":{"start":{"line":34,"column":46},"end":{"line":44,"column":1}},"6":{"start":{"line":35,"column":2},"end":{"line":43,"column":3}}},"fnMap":{"0":{"name":"(anonymous_0)","decl":{"start":{"line":23,"column":9},"end":{"line":23,"column":10}},"loc":{"start":{"line":23,"column":24},"end":{"line":23,"column":38}},"line":23},"1":{"name":"(anonymous_1)","decl":{"start":{"line":24,"column":13},"end":{"line":24,"column":14}},"loc":{"start":{"line":24,"column":28},"end":{"line":24,"column":42}},"line":24},"2":{"name":"(anonymous_2)","decl":{"start":{"line":25,"column":22},"end":{"line":25,"column":23}},"loc":{"start":{"line":25,"column":37},"end":{"line":25,"column":55}},"line":25},"3":{"name":"(anonymous_3)","decl":{"start":{"line":34,"column":46},"end":{"line":34,"column":47}},"loc":{"start":{"line":34,"column":64},"end":{"line":44,"column":1}},"line":34}},"branchMap":{},"s":{"0":0,"1":0,"2":0,"3":0,"4":0,"5":0,"6":0},"f":{"0":0,"1":0,"2":0,"3":0},"b":{}}
,"/Users/benoitjolly/Documents/siteweb/jitter-editor/src/layouts/MainLayout/index.ts": {"path":"/Users/benoitjolly/Documents/siteweb/jitter-editor/src/layouts/MainLayout/index.ts","statementMap":{},"fnMap":{},"branchMap":{},"s":{},"f":{},"b":{}}
,"/Users/benoitjolly/Documents/siteweb/jitter-editor/src/pages/EditorPage.tsx": {"path":"/Users/benoitjolly/Documents/siteweb/jitter-editor/src/pages/EditorPage.tsx","statementMap":{"0":{"start":{"line":5,"column":29},"end":{"line":11,"column":1}},"1":{"start":{"line":6,"column":2},"end":{"line":10,"column":3}}},"fnMap":{"0":{"name":"(anonymous_0)","decl":{"start":{"line":5,"column":29},"end":{"line":5,"column":30}},"loc":{"start":{"line":5,"column":35},"end":{"line":11,"column":1}},"line":5}},"branchMap":{},"s":{"0":0,"1":0},"f":{"0":0},"b":{}}
,"/Users/benoitjolly/Documents/siteweb/jitter-editor/src/shared/components/layout/footer/index.tsx": {"path":"/Users/benoitjolly/Documents/siteweb/jitter-editor/src/shared/components/layout/footer/index.tsx","statementMap":{"0":{"start":{"line":5,"column":24},"end":{"line":10,"column":1}},"1":{"start":{"line":6,"column":37},"end":{"line":6,"column":54}},"2":{"start":{"line":7,"column":26},"end":{"line":7,"column":48}},"3":{"start":{"line":8,"column":28},"end":{"line":8,"column":42}},"4":{"start":{"line":12,"column":25},"end":{"line":18,"column":1}},"5":{"start":{"line":13,"column":2},"end":{"line":17,"column":3}}},"fnMap":{"0":{"name":"(anonymous_0)","decl":{"start":{"line":6,"column":22},"end":{"line":6,"column":23}},"loc":{"start":{"line":6,"column":37},"end":{"line":6,"column":54}},"line":6},"1":{"name":"(anonymous_1)","decl":{"start":{"line":7,"column":11},"end":{"line":7,"column":12}},"loc":{"start":{"line":7,"column":26},"end":{"line":7,"column":48}},"line":7},"2":{"name":"(anonymous_2)","decl":{"start":{"line":8,"column":13},"end":{"line":8,"column":14}},"loc":{"start":{"line":8,"column":28},"end":{"line":8,"column":42}},"line":8},"3":{"name":"(anonymous_3)","decl":{"start":{"line":12,"column":25},"end":{"line":12,"column":26}},"loc":{"start":{"line":12,"column":31},"end":{"line":18,"column":1}},"line":12}},"branchMap":{},"s":{"0":0,"1":0,"2":0,"3":0,"4":0,"5":0},"f":{"0":0,"1":0,"2":0,"3":0},"b":{}}
,"/Users/benoitjolly/Documents/siteweb/jitter-editor/src/shared/components/layout/header/index.tsx": {"path":"/Users/benoitjolly/Documents/siteweb/jitter-editor/src/shared/components/layout/header/index.tsx","statementMap":{"0":{"start":{"line":5,"column":24},"end":{"line":10,"column":1}},"1":{"start":{"line":6,"column":37},"end":{"line":6,"column":57}},"2":{"start":{"line":7,"column":26},"end":{"line":7,"column":48}},"3":{"start":{"line":8,"column":28},"end":{"line":8,"column":42}},"4":{"start":{"line":8,"column":61},"end":{"line":8,"column":75}},"5":{"start":{"line":9,"column":31},"end":{"line":9,"column":51}},"6":{"start":{"line":12,"column":14},"end":{"line":15,"column":1}},"7":{"start":{"line":14,"column":30},"end":{"line":14,"column":53}},"8":{"start":{"line":17,"column":25},"end":{"line":23,"column":1}},"9":{"start":{"line":18,"column":2},"end":{"line":22,"column":3}}},"fnMap":{"0":{"name":"(anonymous_0)","decl":{"start":{"line":6,"column":22},"end":{"line":6,"column":23}},"loc":{"start":{"line":6,"column":37},"end":{"line":6,"column":57}},"line":6},"1":{"name":"(anonymous_1)","decl":{"start":{"line":7,"column":11},"end":{"line":7,"column":12}},"loc":{"start":{"line":7,"column":26},"end":{"line":7,"column":48}},"line":7},"2":{"name":"(anonymous_2)","decl":{"start":{"line":8,"column":13},"end":{"line":8,"column":14}},"loc":{"start":{"line":8,"column":28},"end":{"line":8,"column":42}},"line":8},"3":{"name":"(anonymous_3)","decl":{"start":{"line":8,"column":46},"end":{"line":8,"column":47}},"loc":{"start":{"line":8,"column":61},"end":{"line":8,"column":75}},"line":8},"4":{"name":"(anonymous_4)","decl":{"start":{"line":9,"column":16},"end":{"line":9,"column":17}},"loc":{"start":{"line":9,"column":31},"end":{"line":9,"column":51}},"line":9},"5":{"name":"(anonymous_5)","decl":{"start":{"line":14,"column":15},"end":{"line":14,"column":16}},"loc":{"start":{"line":14,"column":30},"end":{"line":14,"column":53}},"line":14},"6":{"name":"(anonymous_6)","decl":{"start":{"line":17,"column":25},"end":{"line":17,"column":26}},"loc":{"start":{"line":17,"column":31},"end":{"line":23,"column":1}},"line":17}},"branchMap":{},"s":{"0":0,"1":0,"2":0,"3":0,"4":0,"5":0,"6":0,"7":0,"8":0,"9":0},"f":{"0":0,"1":0,"2":0,"3":0,"4":0,"5":0,"6":0},"b":{}}
,"/Users/benoitjolly/Documents/siteweb/jitter-editor/src/shared/components/ui/Button.tsx": {"path":"/Users/benoitjolly/Documents/siteweb/jitter-editor/src/shared/components/ui/Button.tsx","statementMap":{"0":{"start":{"line":14,"column":21},"end":{"line":84,"column":1}},"1":{"start":{"line":18,"column":34},"end":{"line":18,"column":58}},"2":{"start":{"line":24,"column":4},"end":{"line":52,"column":5}},"3":{"start":{"line":26,"column":8},"end":{"line":33,"column":10}},"4":{"start":{"line":35,"column":8},"end":{"line":42,"column":10}},"5":{"start":{"line":44,"column":8},"end":{"line":51,"column":10}},"6":{"start":{"line":56,"column":4},"end":{"line":72,"column":5}},"7":{"start":{"line":58,"column":8},"end":{"line":61,"column":10}},"8":{"start":{"line":63,"column":8},"end":{"line":66,"column":10}},"9":{"start":{"line":68,"column":8},"end":{"line":71,"column":10}},"10":{"start":{"line":81,"column":40},"end":{"line":81,"column":60}},"11":{"start":{"line":86,"column":38},"end":{"line":92,"column":1}},"12":{"start":{"line":87,"column":2},"end":{"line":91,"column":4}}},"fnMap":{"0":{"name":"(anonymous_0)","decl":{"start":{"line":18,"column":19},"end":{"line":18,"column":20}},"loc":{"start":{"line":18,"column":34},"end":{"line":18,"column":58}},"line":18},"1":{"name":"(anonymous_1)","decl":{"start":{"line":23,"column":4},"end":{"line":23,"column":5}},"loc":{"start":{"line":23,"column":29},"end":{"line":53,"column":3}},"line":23},"2":{"name":"(anonymous_2)","decl":{"start":{"line":55,"column":4},"end":{"line":55,"column":5}},"loc":{"start":{"line":55,"column":26},"end":{"line":73,"column":3}},"line":55},"3":{"name":"(anonymous_3)","decl":{"start":{"line":81,"column":25},"end":{"line":81,"column":26}},"loc":{"start":{"line":81,"column":40},"end":{"line":81,"column":60}},"line":81},"4":{"name":"(anonymous_4)","decl":{"start":{"line":86,"column":38},"end":{"line":86,"column":39}},"loc":{"start":{"line":86,"column":104},"end":{"line":92,"column":1}},"line":86}},"branchMap":{"0":{"loc":{"start":{"line":24,"column":4},"end":{"line":52,"column":5}},"type":"switch","locations":[{"start":{"line":25,"column":6},"end":{"line":33,"column":10}},{"start":{"line":34,"column":6},"end":{"line":42,"column":10}},{"start":{"line":43,"column":6},"end":{"line":51,"column":10}}],"line":24},"1":{"loc":{"start":{"line":56,"column":4},"end":{"line":72,"column":5}},"type":"switch","locations":[{"start":{"line":57,"column":6},"end":{"line":61,"column":10}},{"start":{"line":62,"column":6},"end":{"line":66,"column":10}},{"start":{"line":67,"column":6},"end":{"line":71,"column":10}}],"line":56},"2":{"loc":{"start":{"line":86,"column":51},"end":{"line":86,"column":70}},"type":"default-arg","locations":[{"start":{"line":86,"column":61},"end":{"line":86,"column":70}}],"line":86},"3":{"loc":{"start":{"line":86,"column":72},"end":{"line":86,"column":87}},"type":"default-arg","locations":[{"start":{"line":86,"column":79},"end":{"line":86,"column":87}}],"line":86}},"s":{"0":0,"1":0,"2":0,"3":0,"4":0,"5":0,"6":0,"7":0,"8":0,"9":0,"10":0,"11":0,"12":0},"f":{"0":0,"1":0,"2":0,"3":0,"4":0},"b":{"0":[0,0,0],"1":[0,0,0],"2":[0],"3":[0]}}
,"/Users/benoitjolly/Documents/siteweb/jitter-editor/src/shared/config/constants.ts": {"path":"/Users/benoitjolly/Documents/siteweb/jitter-editor/src/shared/config/constants.ts","statementMap":{"0":{"start":{"line":1,"column":24},"end":{"line":1,"column":60}},"1":{"start":{"line":2,"column":27},"end":{"line":2,"column":34}},"2":{"start":{"line":4,"column":36},"end":{"line":4,"column":39}},"3":{"start":{"line":5,"column":37},"end":{"line":5,"column":40}},"4":{"start":{"line":7,"column":32},"end":{"line":7,"column":34}},"5":{"start":{"line":8,"column":33},"end":{"line":8,"column":42}},"6":{"start":{"line":9,"column":40},"end":{"line":9,"column":49}},"7":{"start":{"line":10,"column":40},"end":{"line":10,"column":41}},"8":{"start":{"line":11,"column":39},"end":{"line":11,"column":48}}},"fnMap":{},"branchMap":{},"s":{"0":1,"1":1,"2":1,"3":1,"4":1,"5":1,"6":1,"7":1,"8":1},"f":{},"b":{},"_coverageSchema":"1a1c01bbd47fc00a2c39e90264f33305004495a9","hash":"1ad57ce84fd14281a2a81bdf1627beaacf26741d"}
,"/Users/benoitjolly/Documents/siteweb/jitter-editor/src/shared/hooks/useWindowResize.ts": {"path":"/Users/benoitjolly/Documents/siteweb/jitter-editor/src/shared/hooks/useWindowResize.ts","statementMap":{"0":{"start":{"line":8,"column":31},"end":{"line":28,"column":1}},"1":{"start":{"line":9,"column":38},"end":{"line":12,"column":4}},"2":{"start":{"line":14,"column":23},"end":{"line":19,"column":8}},"3":{"start":{"line":15,"column":4},"end":{"line":18,"column":7}},"4":{"start":{"line":21,"column":2},"end":{"line":25,"column":21}},"5":{"start":{"line":22,"column":4},"end":{"line":22,"column":52}},"6":{"start":{"line":23,"column":4},"end":{"line":23,"column":19}},"7":{"start":{"line":24,"column":4},"end":{"line":24,"column":68}},"8":{"start":{"line":24,"column":17},"end":{"line":24,"column":67}},"9":{"start":{"line":27,"column":2},"end":{"line":27,"column":20}}},"fnMap":{"0":{"name":"(anonymous_0)","decl":{"start":{"line":8,"column":31},"end":{"line":8,"column":32}},"loc":{"start":{"line":8,"column":49},"end":{"line":28,"column":1}},"line":8},"1":{"name":"(anonymous_1)","decl":{"start":{"line":14,"column":35},"end":{"line":14,"column":36}},"loc":{"start":{"line":14,"column":41},"end":{"line":19,"column":3}},"line":14},"2":{"name":"(anonymous_2)","decl":{"start":{"line":21,"column":12},"end":{"line":21,"column":13}},"loc":{"start":{"line":21,"column":18},"end":{"line":25,"column":3}},"line":21},"3":{"name":"(anonymous_3)","decl":{"start":{"line":24,"column":11},"end":{"line":24,"column":12}},"loc":{"start":{"line":24,"column":17},"end":{"line":24,"column":67}},"line":24}},"branchMap":{},"s":{"0":1,"1":4,"2":4,"3":2,"4":4,"5":2,"6":2,"7":2,"8":2,"9":4},"f":{"0":4,"1":2,"2":2,"3":2},"b":{},"_coverageSchema":"1a1c01bbd47fc00a2c39e90264f33305004495a9","hash":"9828897e034712e7351b9375c4219103a5526dd3"}
,"/Users/benoitjolly/Documents/siteweb/jitter-editor/src/shared/styles/GlobalStyles.ts": {"path":"/Users/benoitjolly/Documents/siteweb/jitter-editor/src/shared/styles/GlobalStyles.ts","statementMap":{"0":{"start":{"line":3,"column":21},"end":{"line":47,"column":1}}},"fnMap":{},"branchMap":{},"s":{"0":0},"f":{},"b":{}}
,"/Users/benoitjolly/Documents/siteweb/jitter-editor/src/shared/styles/ThemeProvider.tsx": {"path":"/Users/benoitjolly/Documents/siteweb/jitter-editor/src/shared/styles/ThemeProvider.tsx","statementMap":{"0":{"start":{"line":11,"column":59},"end":{"line":18,"column":1}},"1":{"start":{"line":12,"column":2},"end":{"line":17,"column":3}}},"fnMap":{"0":{"name":"(anonymous_0)","decl":{"start":{"line":11,"column":59},"end":{"line":11,"column":60}},"loc":{"start":{"line":11,"column":77},"end":{"line":18,"column":1}},"line":11}},"branchMap":{},"s":{"0":0,"1":0},"f":{"0":0},"b":{}}
,"/Users/benoitjolly/Documents/siteweb/jitter-editor/src/shared/styles/theme.ts": {"path":"/Users/benoitjolly/Documents/siteweb/jitter-editor/src/shared/styles/theme.ts","statementMap":{"0":{"start":{"line":1,"column":21},"end":{"line":37,"column":1}}},"fnMap":{},"branchMap":{},"s":{"0":1},"f":{},"b":{},"_coverageSchema":"1a1c01bbd47fc00a2c39e90264f33305004495a9","hash":"d1db710d3c0c3476c7dfdfefccf640f28942597f"}
,"/Users/benoitjolly/Documents/siteweb/jitter-editor/src/shared/types/index.ts": {"path":"/Users/benoitjolly/Documents/siteweb/jitter-editor/src/shared/types/index.ts","statementMap":{},"fnMap":{},"branchMap":{},"s":{},"f":{},"b":{}}
}
